2019-04-11 16:49:10.724 INFO  com.xy.V2PubClass.V2TokenTest - --------------------getResponseBody--------------------
2019-04-11 16:49:10.737 INFO  com.xy.V2PubClass.V2TokenTest - url:http://sdkapiv2.bizport.cn/token
2019-04-11 16:49:10.820 INFO  com.xy.V2PubClass.V2TokenTest - RequestHeaders:{"uid":"64f2f9ea0a9b9d437143e89d7047aec670c2009f6eefea9c5ada3d2abde1cc4b","crypt":"2","tk":"","apiver":"2","User-Agent":"Dalvik/2.1.0 (Linux; U; Android 7.0.0; M6 Note Build/NRD90M)","sdkver":"201607011616","chan":"LETV","dp":"9e58dc8e0e6ffcc93c38ede2841e15b5","nz":"1","uiver":"201502020000"}
2019-04-11 16:49:10.825 INFO  com.xy.V2PubClass.V2TokenTest - RequestBody:{"p":"64f2f9ea0a9b9d437143e89d7047aec670c2009f6eefea9c5ada3d2abde1cc4b","x":"0991974bea709ac8d255ae967e2707d9c885515a6d1e7c8579cc6f43884c6ccc","ai":"2f5d5bdd2c4aa27ac6ebd17e7bc40ce8929b4f29191ba60a7e01e0d035538d47","timestamp":"1554972550825"}
2019-04-11 16:49:11.512 INFO  com.xy.V2PubClass.V2TokenTest - responseHeaders:{null:["HTTP/1.1 200 OK"],"XY-RS-CODE":["1"],"crypt":["1"],"Connection":["keep-alive"],"nz":["1"],"Content-Length":["768"],"Date":["Thu, 11 Apr 2019 08:49:14 GMT"]}
2019-04-11 16:49:11.538 INFO  com.xy.V2PubClass.V2TokenTest - responseBody:{"body":{"aeskey":"Kej50yXos7fr9b3BMT44fA==","apilist":[{"address":"sdkapiv2.bizport.cn","weight":10}],"expire":604800000,"iv":"EjRWeJCrze+pt8jW4/Ef/g==","token":"SFOChjZp6qHwgn+8RfgQOxn+hGVxXzMr9hJQYtYmNFWf/2PL71jCNDdFW3RaS5gGwhSguLL4aJ83yOJKGMol/JSJoEcB+bU8wJzpzYm2WwA="},"desc":"ok","status":1}
2019-04-11 16:49:11.575 INFO  TestCase.InsertData.NewPub_Identify - Url:http://192.168.101.214:8398/business/pubinfo/identify
2019-04-11 16:49:11.579 INFO  TestCase.InsertData.NewPub_Identify - --------------------testCase001_nz1_crypt3--------------------
2019-04-11 16:49:11.579 INFO  TestCase.InsertData.NewPub_Identify - RequestHeaders:{"uid":"64f2f9ea0a9b9d437143e89d7047aec670c2009f6eefea9c5ada3d2abde1cc4b","crypt":"3","tk":"SFOChjZp6qHwgn+8RfgQOxn+hGVxXzMr9hJQYtYmNFWf/2PL71jCNDdFW3RaS5gGwhSguLL4aJ83yOJKGMol/JSJoEcB+bU8wJzpzYm2WwA=","apiver":"2","User-Agent":"Dalvik/2.1.0 (Linux; U; Android 7.0.0; M6 Note Build/NRD90M)","sdkver":"201607011616","chan":"LETV","dp":"0831d617944f2fd667513f1030723d4a","nz":"1","uiver":"201502020000"}
2019-04-11 16:49:11.580 INFO  com.xy.onlineteam.sdkapi.util.TimeValidator - Windows 10
2019-04-11 16:49:11.583 INFO  TestCase.InsertData.NewPub_Identify - RequestBody:{"p":"8a06bb87ebab640320644ea38a45ab22ede371bfade35150576dbe5c4af3dd03","numParams":[{"iccid":"2","mnc":"2","requestType":"2","ci":"2","imsi":"2","mcc":"2","numList":[{"menuVersion":"20181226010134","ac":"2","f":"2","num":"60499105402","versionCode":"2010010101011","tc":"2","dt":"2","rc":"2","pubVersion":"20190327084537","areaCode":"020","sg":"tsf","subVersion":"20190313115128","ec":"2"}],"cnum":"2","lac":"2"}],"timemills":1554972553711}
2019-04-11 16:49:11.589 INFO  TestCase.InsertData.NewPub_Identify - PublicRequestBody:{"p":"9b54a777998d9b73691e3ad6ac8063eff67f10c8fe9572da35e7620a0848d846","si":"d6e8352e11dbc22ed679a62964fdbf90","x":"c5b92efde32b248c70a9b29c67b668181e08d3612aae0b8f988b289ad2f0de0b","ai":"2f5d5bdd2c4aa27ac6ebd17e7bc40ce8929b4f29191ba60a7e01e0d035538d47","net":"WIFI"}
2019-04-11 16:49:11.975 INFO  TestCase.InsertData.NewPub_Identify - 200
2019-04-11 16:49:11.975 INFO  TestCase.InsertData.NewPub_Identify - ResponseHeaders:{null:["HTTP/1.1 200 OK"],"content-length":["381"],"XY-RS-CODE":["1"],"crypt":["0"],"nz":["1"]}
2019-04-11 16:49:11.976 INFO  TestCase.InsertData.NewPub_Identify - ResponseBody:{"body":{"pubInfoList":[{"menuInfo":{"menuList":[{"menuCode":"01","menuName":"乐视企业1","menuType":"CALL"},{"menuCode":"02","menuName":"乐视企业2","menuType":"CALL"},{"menuCode":"03","menuName":"乐视企业3","menuType":"CALL"}],"menuModel":"1","menuVersion":"20190329025058","pubId":1139637625,"rid":7498631},"pubInfo":{"corpLevel":0,"pubName":"好欢螺","pubType":"电子商务-电商B2C;","pubTypeCode":"003003","pubVersion":"20190328132717","rid":7498631,"status":1,"versionCode":"20190328132717"},"pubNumList":[{"areaCode":"020;","identType":2,"num":"60499105402","pubId":1139637625,"rid":7498631,"status":1,"subVersion":20190328165153,"type":1}]}],"signStr":"tsf;"},"desc":"OK_WITH_VALUE","status":2}
2019-04-11 16:49:12.718 INFO  TestCase.InsertData.NewPub_Identify - 插入数据1条
2019-04-11 16:50:31.230 INFO  com.xy.V2PubClass.V2TokenTest - --------------------getResponseBody--------------------
2019-04-11 16:50:31.260 INFO  com.xy.V2PubClass.V2TokenTest - url:http://sdkapiv2.bizport.cn/token
2019-04-11 16:50:31.354 INFO  com.xy.V2PubClass.V2TokenTest - RequestHeaders:{"uid":"64f2f9ea0a9b9d437143e89d7047aec670c2009f6eefea9c5ada3d2abde1cc4b","crypt":"2","tk":"","apiver":"2","User-Agent":"Dalvik/2.1.0 (Linux; U; Android 7.0.0; M6 Note Build/NRD90M)","sdkver":"201607011616","chan":"LETV","dp":"9e58dc8e0e6ffcc93c38ede2841e15b5","nz":"1","uiver":"201502020000"}
2019-04-11 16:50:31.361 INFO  com.xy.V2PubClass.V2TokenTest - RequestBody:{"p":"64f2f9ea0a9b9d437143e89d7047aec670c2009f6eefea9c5ada3d2abde1cc4b","x":"0991974bea709ac8d255ae967e2707d9c885515a6d1e7c8579cc6f43884c6ccc","ai":"2f5d5bdd2c4aa27ac6ebd17e7bc40ce8929b4f29191ba60a7e01e0d035538d47","timestamp":"1554972631361"}
2019-04-11 16:50:32.035 INFO  com.xy.V2PubClass.V2TokenTest - responseHeaders:{null:["HTTP/1.1 200 OK"],"XY-RS-CODE":["1"],"crypt":["1"],"Connection":["keep-alive"],"nz":["1"],"Content-Length":["768"],"Date":["Thu, 11 Apr 2019 08:50:35 GMT"]}
2019-04-11 16:50:32.070 INFO  com.xy.V2PubClass.V2TokenTest - responseBody:{"body":{"aeskey":"NDvZFG3ohr4n2wgdRHxvRw==","apilist":[{"address":"sdkapiv2.bizport.cn","weight":10}],"expire":604800000,"iv":"EjRWeJCrze+pt8jW4/Ef/g==","token":"8LvN6NgMGrBdIW2qvewzik5/EI0zG1rYAfk1Rnk2EWrYz/oCL92YezEkrpa9Z6IgYIgURCpCGhQpGAKpRyxnxu4F+tTTDj7uLmAxdk/9Yzc="},"desc":"ok","status":1}
2019-04-11 16:50:32.115 INFO  TestCase.InsertData.NewPub_Identify - Url:http://192.168.101.214:8398/business/pubinfo/identify
2019-04-11 16:50:32.117 INFO  TestCase.InsertData.NewPub_Identify - --------------------testCase001_nz1_crypt3--------------------
2019-04-11 16:50:32.118 INFO  TestCase.InsertData.NewPub_Identify - RequestHeaders:{"uid":"64f2f9ea0a9b9d437143e89d7047aec670c2009f6eefea9c5ada3d2abde1cc4b","crypt":"3","tk":"8LvN6NgMGrBdIW2qvewzik5/EI0zG1rYAfk1Rnk2EWrYz/oCL92YezEkrpa9Z6IgYIgURCpCGhQpGAKpRyxnxu4F+tTTDj7uLmAxdk/9Yzc=","apiver":"2","User-Agent":"Dalvik/2.1.0 (Linux; U; Android 7.0.0; M6 Note Build/NRD90M)","sdkver":"201607011616","chan":"LETV","dp":"0831d617944f2fd667513f1030723d4a","nz":"1","uiver":"201502020000"}
2019-04-11 16:50:32.118 INFO  com.xy.onlineteam.sdkapi.util.TimeValidator - Windows 10
2019-04-11 16:50:32.123 INFO  TestCase.InsertData.NewPub_Identify - RequestBody:{"p":"8a06bb87ebab640320644ea38a45ab22ede371bfade35150576dbe5c4af3dd03","numParams":[{"iccid":"2","mnc":"2","requestType":"2","ci":"2","imsi":"2","mcc":"2","numList":[{"menuVersion":"20181226010134","ac":"2","f":"2","num":"60499105402","versionCode":"2010010101011","tc":"2","dt":"2","rc":"2","pubVersion":"20190327084537","areaCode":"GD","sg":"tsf","subVersion":"20190313115128","ec":"2"}],"cnum":"2","lac":"2"}],"timemills":1554972633711}
2019-04-11 16:50:32.128 INFO  TestCase.InsertData.NewPub_Identify - PublicRequestBody:{"p":"9b54a777998d9b73691e3ad6ac8063eff67f10c8fe9572da35e7620a0848d846","si":"5612aa4c1f6d753d76294e25d74adac2","x":"c5b92efde32b248c70a9b29c67b668181e08d3612aae0b8f988b289ad2f0de0b","ai":"2f5d5bdd2c4aa27ac6ebd17e7bc40ce8929b4f29191ba60a7e01e0d035538d47","net":"WIFI"}
2019-04-11 16:50:32.308 INFO  TestCase.InsertData.NewPub_Identify - 200
2019-04-11 16:50:32.309 INFO  TestCase.InsertData.NewPub_Identify - ResponseHeaders:{null:["HTTP/1.1 200 OK"],"content-length":["79"],"XY-RS-CODE":["1"],"crypt":["0"],"nz":["1"]}
2019-04-11 16:50:32.309 INFO  TestCase.InsertData.NewPub_Identify - ResponseBody:{"body":{"signStr":"tsf;"},"desc":"OK_WITH_VALUE","status":2}
2019-04-11 16:50:33.433 INFO  TestCase.InsertData.NewPub_Identify - 插入数据1条
2019-04-11 16:51:25.006 INFO  com.xy.V2PubClass.V2TokenTest - --------------------getResponseBody--------------------
2019-04-11 16:51:25.012 INFO  com.xy.V2PubClass.V2TokenTest - url:http://sdkapiv2.bizport.cn/token
2019-04-11 16:51:25.112 INFO  com.xy.V2PubClass.V2TokenTest - RequestHeaders:{"uid":"64f2f9ea0a9b9d437143e89d7047aec670c2009f6eefea9c5ada3d2abde1cc4b","crypt":"2","tk":"","apiver":"2","User-Agent":"Dalvik/2.1.0 (Linux; U; Android 7.0.0; M6 Note Build/NRD90M)","sdkver":"201607011616","chan":"LETV","dp":"9e58dc8e0e6ffcc93c38ede2841e15b5","nz":"1","uiver":"201502020000"}
2019-04-11 16:51:25.118 INFO  com.xy.V2PubClass.V2TokenTest - RequestBody:{"p":"64f2f9ea0a9b9d437143e89d7047aec670c2009f6eefea9c5ada3d2abde1cc4b","x":"0991974bea709ac8d255ae967e2707d9c885515a6d1e7c8579cc6f43884c6ccc","ai":"2f5d5bdd2c4aa27ac6ebd17e7bc40ce8929b4f29191ba60a7e01e0d035538d47","timestamp":"1554972685118"}
2019-04-11 16:51:25.850 INFO  com.xy.V2PubClass.V2TokenTest - responseHeaders:{null:["HTTP/1.1 200 OK"],"XY-RS-CODE":["1"],"crypt":["1"],"Connection":["keep-alive"],"nz":["1"],"Content-Length":["768"],"Date":["Thu, 11 Apr 2019 08:51:28 GMT"]}
2019-04-11 16:51:25.885 INFO  com.xy.V2PubClass.V2TokenTest - responseBody:{"body":{"aeskey":"hPIJ5MO1skKmR+UyNRG3ow==","apilist":[{"address":"sdkapiv2.bizport.cn","weight":10}],"expire":604800000,"iv":"EjRWeJCrze+pt8jW4/Ef/g==","token":"75b5CBogXnld7rSClsnylS3ChbMm8UWCxZyUvIdg2qLgRqROD7sXtSJ5jrDXKgV3DAAO5n/S1KL7zWzjXpuCj0sOW79dV/hPGz+0pqniEs0="},"desc":"ok","status":1}
2019-04-11 16:51:25.930 INFO  TestCase.InsertData.NewPub_Identify - Url:http://192.168.101.214:8398/business/pubinfo/identify
2019-04-11 16:51:25.933 INFO  TestCase.InsertData.NewPub_Identify - --------------------testCase001_nz1_crypt3--------------------
2019-04-11 16:51:25.933 INFO  TestCase.InsertData.NewPub_Identify - RequestHeaders:{"uid":"64f2f9ea0a9b9d437143e89d7047aec670c2009f6eefea9c5ada3d2abde1cc4b","crypt":"3","tk":"75b5CBogXnld7rSClsnylS3ChbMm8UWCxZyUvIdg2qLgRqROD7sXtSJ5jrDXKgV3DAAO5n/S1KL7zWzjXpuCj0sOW79dV/hPGz+0pqniEs0=","apiver":"2","User-Agent":"Dalvik/2.1.0 (Linux; U; Android 7.0.0; M6 Note Build/NRD90M)","sdkver":"201607011616","chan":"LETV","dp":"0831d617944f2fd667513f1030723d4a","nz":"1","uiver":"201502020000"}
2019-04-11 16:51:25.934 INFO  com.xy.onlineteam.sdkapi.util.TimeValidator - Windows 10
2019-04-11 16:51:25.939 INFO  TestCase.InsertData.NewPub_Identify - RequestBody:{"p":"8a06bb87ebab640320644ea38a45ab22ede371bfade35150576dbe5c4af3dd03","numParams":[{"iccid":"2","mnc":"2","requestType":"2","ci":"2","imsi":"2","mcc":"2","numList":[{"menuVersion":"20181226010134","ac":"2","f":"2","num":"60499105404","versionCode":"2010010101011","tc":"2","dt":"2","rc":"2","pubVersion":"20190327084537","areaCode":"GD","sg":"tsf","subVersion":"20190313115128","ec":"2"}],"cnum":"2","lac":"2"}],"timemills":1554972683711}
2019-04-11 16:51:25.944 INFO  TestCase.InsertData.NewPub_Identify - PublicRequestBody:{"p":"9b54a777998d9b73691e3ad6ac8063eff67f10c8fe9572da35e7620a0848d846","si":"85b72963aa9e6be6bd2c6b4909ca405d","x":"c5b92efde32b248c70a9b29c67b668181e08d3612aae0b8f988b289ad2f0de0b","ai":"2f5d5bdd2c4aa27ac6ebd17e7bc40ce8929b4f29191ba60a7e01e0d035538d47","net":"WIFI"}
2019-04-11 16:51:26.105 INFO  TestCase.InsertData.NewPub_Identify - 200
2019-04-11 16:51:26.106 INFO  TestCase.InsertData.NewPub_Identify - ResponseHeaders:{null:["HTTP/1.1 200 OK"],"content-length":["192"],"XY-RS-CODE":["1"],"crypt":["0"],"nz":["1"]}
2019-04-11 16:51:26.106 INFO  TestCase.InsertData.NewPub_Identify - ResponseBody:{"body":{"pubInfoList":[{"pubInfo":{"corpLevel":0,"rid":222,"status":-1,"versionCode":"0"},"pubNumList":[{"areaCode":"CN;","num":"60499105404","pubId":1139637629,"status":-1,"type":1}]}],"signStr":"tsf;"},"desc":"OK_WITH_VALUE","status":2}
2019-04-11 16:51:26.968 INFO  TestCase.InsertData.NewPub_Identify - 插入数据1条
2019-04-11 16:53:34.787 INFO  com.xy.V2PubClass.V2TokenTest - --------------------getResponseBody--------------------
2019-04-11 16:53:34.817 INFO  com.xy.V2PubClass.V2TokenTest - url:http://sdkapiv2.bizport.cn/token
2019-04-11 16:53:34.927 INFO  com.xy.V2PubClass.V2TokenTest - RequestHeaders:{"uid":"64f2f9ea0a9b9d437143e89d7047aec670c2009f6eefea9c5ada3d2abde1cc4b","crypt":"2","tk":"","apiver":"2","User-Agent":"Dalvik/2.1.0 (Linux; U; Android 7.0.0; M6 Note Build/NRD90M)","sdkver":"201607011616","chan":"LETV","dp":"9e58dc8e0e6ffcc93c38ede2841e15b5","nz":"1","uiver":"201502020000"}
2019-04-11 16:53:34.928 INFO  com.xy.V2PubClass.V2TokenTest - RequestBody:{"p":"64f2f9ea0a9b9d437143e89d7047aec670c2009f6eefea9c5ada3d2abde1cc4b","x":"0991974bea709ac8d255ae967e2707d9c885515a6d1e7c8579cc6f43884c6ccc","ai":"2f5d5bdd2c4aa27ac6ebd17e7bc40ce8929b4f29191ba60a7e01e0d035538d47","timestamp":"1554972814928"}
2019-04-11 16:53:35.643 INFO  com.xy.V2PubClass.V2TokenTest - responseHeaders:{null:["HTTP/1.1 200 OK"],"XY-RS-CODE":["1"],"crypt":["1"],"Connection":["keep-alive"],"nz":["1"],"Content-Length":["768"],"Date":["Thu, 11 Apr 2019 08:53:38 GMT"]}
2019-04-11 16:53:35.678 INFO  com.xy.V2PubClass.V2TokenTest - responseBody:{"body":{"aeskey":"3YCaMv2WavOelwc6X1lHRQ==","apilist":[{"address":"sdkapiv2.bizport.cn","weight":10}],"expire":604800000,"iv":"EjRWeJCrze+pt8jW4/Ef/g==","token":"QCfgSkhi0jZSMBgC0hxnqOhru9OhqC6m2CRz079viwTgt6anXQruiMLOZcIiBUaUOVpIMN2bia8kgc4vEGjh+cVZnD/wchTO//CiJbsXqd4="},"desc":"ok","status":1}
2019-04-11 16:53:35.714 INFO  TestCase.InsertData.NewPub_Identify - Url:http://192.168.101.214:8398/business/pubinfo/identify
2019-04-11 16:53:35.716 INFO  TestCase.InsertData.NewPub_Identify - --------------------testCase001_nz1_crypt3--------------------
2019-04-11 16:53:35.717 INFO  TestCase.InsertData.NewPub_Identify - RequestHeaders:{"uid":"64f2f9ea0a9b9d437143e89d7047aec670c2009f6eefea9c5ada3d2abde1cc4b","crypt":"3","tk":"QCfgSkhi0jZSMBgC0hxnqOhru9OhqC6m2CRz079viwTgt6anXQruiMLOZcIiBUaUOVpIMN2bia8kgc4vEGjh+cVZnD/wchTO//CiJbsXqd4=","apiver":"2","User-Agent":"Dalvik/2.1.0 (Linux; U; Android 7.0.0; M6 Note Build/NRD90M)","sdkver":"201607011616","chan":"LETV","dp":"0831d617944f2fd667513f1030723d4a","nz":"1","uiver":"201502020000"}
2019-04-11 16:53:35.717 INFO  com.xy.onlineteam.sdkapi.util.TimeValidator - Windows 10
2019-04-11 16:53:35.721 INFO  TestCase.InsertData.NewPub_Identify - RequestBody:{"p":"8a06bb87ebab640320644ea38a45ab22ede371bfade35150576dbe5c4af3dd03","numParams":[{"iccid":"2","mnc":"2","requestType":"2","ci":"2","imsi":"2","mcc":"2","numList":[{"menuVersion":"20181226010134","ac":"2","f":"2","num":"60499105404","versionCode":"2010010101011","tc":"2","dt":"2","rc":"2","pubVersion":"20190327084537","areaCode":"GD","sg":"tsf","subVersion":"20190313115128","ec":"2"}],"cnum":"2","lac":"2"}],"timemills":1554972813711}
2019-04-11 16:53:35.726 INFO  TestCase.InsertData.NewPub_Identify - PublicRequestBody:{"p":"9b54a777998d9b73691e3ad6ac8063eff67f10c8fe9572da35e7620a0848d846","si":"7d30082e1dd95c68adff35a7f03f0867","x":"c5b92efde32b248c70a9b29c67b668181e08d3612aae0b8f988b289ad2f0de0b","ai":"2f5d5bdd2c4aa27ac6ebd17e7bc40ce8929b4f29191ba60a7e01e0d035538d47","net":"WIFI"}
2019-04-11 16:53:36.130 INFO  TestCase.InsertData.NewPub_Identify - 200
2019-04-11 16:53:36.130 INFO  TestCase.InsertData.NewPub_Identify - ResponseHeaders:{null:["HTTP/1.1 200 OK"],"content-length":["192"],"XY-RS-CODE":["1"],"crypt":["0"],"nz":["1"]}
2019-04-11 16:53:36.131 INFO  TestCase.InsertData.NewPub_Identify - ResponseBody:{"body":{"pubInfoList":[{"pubInfo":{"corpLevel":0,"rid":222,"status":-1,"versionCode":"0"},"pubNumList":[{"areaCode":"CN;","num":"60499105404","pubId":1139637629,"status":-1,"type":1}]}],"signStr":"tsf;"},"desc":"OK_WITH_VALUE","status":2}
2019-04-11 16:53:36.888 INFO  TestCase.InsertData.NewPub_Identify - 插入数据1条
2019-04-11 16:59:21.829 INFO  com.xy.V2PubClass.V2TokenTest - --------------------getResponseBody--------------------
2019-04-11 16:59:21.838 INFO  com.xy.V2PubClass.V2TokenTest - url:http://sdkapiv2.bizport.cn/token
2019-04-11 16:59:21.936 INFO  com.xy.V2PubClass.V2TokenTest - RequestHeaders:{"uid":"64f2f9ea0a9b9d437143e89d7047aec670c2009f6eefea9c5ada3d2abde1cc4b","crypt":"2","tk":"","apiver":"2","User-Agent":"Dalvik/2.1.0 (Linux; U; Android 7.0.0; M6 Note Build/NRD90M)","sdkver":"201607011616","chan":"LETV","dp":"9e58dc8e0e6ffcc93c38ede2841e15b5","nz":"1","uiver":"201502020000"}
2019-04-11 16:59:21.941 INFO  com.xy.V2PubClass.V2TokenTest - RequestBody:{"p":"64f2f9ea0a9b9d437143e89d7047aec670c2009f6eefea9c5ada3d2abde1cc4b","x":"0991974bea709ac8d255ae967e2707d9c885515a6d1e7c8579cc6f43884c6ccc","ai":"2f5d5bdd2c4aa27ac6ebd17e7bc40ce8929b4f29191ba60a7e01e0d035538d47","timestamp":"1554973161941"}
2019-04-11 16:59:22.644 INFO  com.xy.V2PubClass.V2TokenTest - responseHeaders:{null:["HTTP/1.1 200 OK"],"XY-RS-CODE":["1"],"crypt":["1"],"Connection":["keep-alive"],"nz":["1"],"Content-Length":["768"],"Date":["Thu, 11 Apr 2019 08:59:25 GMT"]}
2019-04-11 16:59:22.672 INFO  com.xy.V2PubClass.V2TokenTest - responseBody:{"body":{"aeskey":"f0FaNz7aUYuuJX1+CUSVHA==","apilist":[{"address":"sdkapiv2.bizport.cn","weight":10}],"expire":604800000,"iv":"EjRWeJCrze+pt8jW4/Ef/g==","token":"KnBoeAMr+QyATIs8Oq3sjAwJghViX4Og2tPWiFDL4eV8VAWQMcWVdjuLOoCf+k6bPt4ARI/g1TLM32yxKhg9tyJ2pZrCDxXP4fNTdYQQOKA="},"desc":"ok","status":1}
2019-04-11 16:59:22.719 INFO  TestCase.InsertData.NewPub_Identify - Url:http://192.168.101.214:8398/business/pubinfo/identify
2019-04-11 16:59:22.721 INFO  TestCase.InsertData.NewPub_Identify - --------------------testCase001_nz1_crypt3--------------------
2019-04-11 16:59:22.722 INFO  TestCase.InsertData.NewPub_Identify - RequestHeaders:{"uid":"64f2f9ea0a9b9d437143e89d7047aec670c2009f6eefea9c5ada3d2abde1cc4b","crypt":"3","tk":"KnBoeAMr+QyATIs8Oq3sjAwJghViX4Og2tPWiFDL4eV8VAWQMcWVdjuLOoCf+k6bPt4ARI/g1TLM32yxKhg9tyJ2pZrCDxXP4fNTdYQQOKA=","apiver":"2","User-Agent":"Dalvik/2.1.0 (Linux; U; Android 7.0.0; M6 Note Build/NRD90M)","sdkver":"201607011616","chan":"LETV","dp":"0831d617944f2fd667513f1030723d4a","nz":"1","uiver":"201502020000"}
2019-04-11 16:59:22.722 INFO  com.xy.onlineteam.sdkapi.util.TimeValidator - Windows 10
2019-04-11 16:59:22.733 INFO  TestCase.InsertData.NewPub_Identify - RequestBody:{"p":"8a06bb87ebab640320644ea38a45ab22ede371bfade35150576dbe5c4af3dd03","numParams":[{"iccid":"2","mnc":"2","requestType":"2","ci":"2","imsi":"2","mcc":"2","numList":[{"menuVersion":"20181226010134","ac":"2","f":"2","num":"60499105410","versionCode":"2010010101011","tc":"2","dt":"2","rc":"2","pubVersion":"20190327084537","areaCode":"GD","sg":"tsf","subVersion":"20190313115128","ec":"2"}],"cnum":"2","lac":"2"}],"timemills":1554973163711}
2019-04-11 16:59:22.750 INFO  TestCase.InsertData.NewPub_Identify - PublicRequestBody:{"p":"9b54a777998d9b73691e3ad6ac8063eff67f10c8fe9572da35e7620a0848d846","si":"29e20d37ac82909e2eb7903047ac79ad","x":"c5b92efde32b248c70a9b29c67b668181e08d3612aae0b8f988b289ad2f0de0b","ai":"2f5d5bdd2c4aa27ac6ebd17e7bc40ce8929b4f29191ba60a7e01e0d035538d47","net":"WIFI"}
2019-04-11 16:59:23.105 INFO  TestCase.InsertData.NewPub_Identify - 200
2019-04-11 16:59:23.105 INFO  TestCase.InsertData.NewPub_Identify - ResponseHeaders:{null:["HTTP/1.1 200 OK"],"content-length":["381"],"XY-RS-CODE":["1"],"crypt":["0"],"nz":["1"]}
2019-04-11 16:59:23.106 INFO  TestCase.InsertData.NewPub_Identify - ResponseBody:{"body":{"pubInfoList":[{"menuInfo":{"menuList":[{"menuCode":"01","menuName":"乐视企业1","menuType":"CALL"},{"menuCode":"02","menuName":"乐视企业2","menuType":"CALL"},{"menuCode":"03","menuName":"乐视企业3","menuType":"CALL"}],"menuModel":"1","menuVersion":"20190329025058","pubId":1139637636,"rid":7498631},"pubInfo":{"corpLevel":0,"pubName":"好欢螺","pubType":"电子商务-电商B2C;","pubTypeCode":"003003","pubVersion":"20190328132717","rid":7498631,"status":1,"versionCode":"20190328132717"},"pubNumList":[{"areaCode":"CN;","identType":2,"num":"60499105410","pubId":1139637636,"rid":7498631,"status":1,"subVersion":20190328190947,"type":1}]}],"signStr":"tsf;"},"desc":"OK_WITH_VALUE","status":2}
2019-04-11 16:59:23.706 INFO  TestCase.InsertData.NewPub_Identify - 插入数据1条
2019-04-11 17:00:10.585 INFO  com.xy.V2PubClass.V2TokenTest - --------------------getResponseBody--------------------
2019-04-11 17:00:10.587 INFO  com.xy.V2PubClass.V2TokenTest - url:http://sdkapiv2.bizport.cn/token
2019-04-11 17:00:10.694 INFO  com.xy.V2PubClass.V2TokenTest - RequestHeaders:{"uid":"64f2f9ea0a9b9d437143e89d7047aec670c2009f6eefea9c5ada3d2abde1cc4b","crypt":"2","tk":"","apiver":"2","User-Agent":"Dalvik/2.1.0 (Linux; U; Android 7.0.0; M6 Note Build/NRD90M)","sdkver":"201607011616","chan":"LETV","dp":"9e58dc8e0e6ffcc93c38ede2841e15b5","nz":"1","uiver":"201502020000"}
2019-04-11 17:00:10.700 INFO  com.xy.V2PubClass.V2TokenTest - RequestBody:{"p":"64f2f9ea0a9b9d437143e89d7047aec670c2009f6eefea9c5ada3d2abde1cc4b","x":"0991974bea709ac8d255ae967e2707d9c885515a6d1e7c8579cc6f43884c6ccc","ai":"2f5d5bdd2c4aa27ac6ebd17e7bc40ce8929b4f29191ba60a7e01e0d035538d47","timestamp":"1554973210699"}
2019-04-11 17:00:11.465 INFO  com.xy.V2PubClass.V2TokenTest - responseHeaders:{null:["HTTP/1.1 200 OK"],"XY-RS-CODE":["1"],"crypt":["1"],"Connection":["keep-alive"],"nz":["1"],"Content-Length":["768"],"Date":["Thu, 11 Apr 2019 09:00:14 GMT"]}
2019-04-11 17:00:11.502 INFO  com.xy.V2PubClass.V2TokenTest - responseBody:{"body":{"aeskey":"uQldflB1x/DUH6D0VSy25w==","apilist":[{"address":"sdkapiv2.bizport.cn","weight":10}],"expire":604800000,"iv":"EjRWeJCrze+pt8jW4/Ef/g==","token":"Zcrqu/K0z2SODSKV4eVJy6+8y2UL90R4LLwMnyNbpUouW5JTontw+AfLB9HsscbhbRpP+bXZkXBgUuIqHfsVS6XBtSE8SEca/Ho43+0nOOs="},"desc":"ok","status":1}
2019-04-11 17:00:11.543 INFO  TestCase.InsertData.NewPub_Identify - Url:http://192.168.101.214:8398/business/pubinfo/identify
2019-04-11 17:00:11.546 INFO  TestCase.InsertData.NewPub_Identify - --------------------testCase001_nz1_crypt3--------------------
2019-04-11 17:00:11.547 INFO  TestCase.InsertData.NewPub_Identify - RequestHeaders:{"uid":"64f2f9ea0a9b9d437143e89d7047aec670c2009f6eefea9c5ada3d2abde1cc4b","crypt":"3","tk":"Zcrqu/K0z2SODSKV4eVJy6+8y2UL90R4LLwMnyNbpUouW5JTontw+AfLB9HsscbhbRpP+bXZkXBgUuIqHfsVS6XBtSE8SEca/Ho43+0nOOs=","apiver":"2","User-Agent":"Dalvik/2.1.0 (Linux; U; Android 7.0.0; M6 Note Build/NRD90M)","sdkver":"201607011616","chan":"LETV","dp":"0831d617944f2fd667513f1030723d4a","nz":"1","uiver":"201502020000"}
2019-04-11 17:00:11.548 INFO  com.xy.onlineteam.sdkapi.util.TimeValidator - Windows 10
2019-04-11 17:00:11.551 INFO  TestCase.InsertData.NewPub_Identify - RequestBody:{"p":"8a06bb87ebab640320644ea38a45ab22ede371bfade35150576dbe5c4af3dd03","numParams":[{"iccid":"2","mnc":"2","requestType":"2","ci":"2","imsi":"2","mcc":"2","numList":[{"menuVersion":"20181226010134","ac":"2","f":"2","num":"60499105410","versionCode":"2010010101011","tc":"2","dt":"2","rc":"2","pubVersion":"20190327084537","areaCode":"GD","sg":"tsf","subVersion":"20190313115128","ec":"2"}],"cnum":"2","lac":"2"}],"timemills":1554973213711}
2019-04-11 17:00:11.556 INFO  TestCase.InsertData.NewPub_Identify - PublicRequestBody:{"p":"9b54a777998d9b73691e3ad6ac8063eff67f10c8fe9572da35e7620a0848d846","si":"7a1e6677ca0194af8522ead80469ebae","x":"c5b92efde32b248c70a9b29c67b668181e08d3612aae0b8f988b289ad2f0de0b","ai":"2f5d5bdd2c4aa27ac6ebd17e7bc40ce8929b4f29191ba60a7e01e0d035538d47","net":"WIFI"}
2019-04-11 17:00:11.672 INFO  TestCase.InsertData.NewPub_Identify - 200
2019-04-11 17:00:11.673 INFO  TestCase.InsertData.NewPub_Identify - ResponseHeaders:{null:["HTTP/1.1 200 OK"],"content-length":["381"],"XY-RS-CODE":["1"],"crypt":["0"],"nz":["1"]}
2019-04-11 17:00:11.673 INFO  TestCase.InsertData.NewPub_Identify - ResponseBody:{"body":{"pubInfoList":[{"menuInfo":{"menuList":[{"menuCode":"01","menuName":"乐视企业1","menuType":"CALL"},{"menuCode":"02","menuName":"乐视企业2","menuType":"CALL"},{"menuCode":"03","menuName":"乐视企业3","menuType":"CALL"}],"menuModel":"1","menuVersion":"20190329025058","pubId":1139637636,"rid":7498631},"pubInfo":{"corpLevel":0,"pubName":"好欢螺","pubType":"电子商务-电商B2C;","pubTypeCode":"003003","pubVersion":"20190328132717","rid":7498631,"status":1,"versionCode":"20190328132717"},"pubNumList":[{"areaCode":"CN;","identType":2,"num":"60499105410","pubId":1139637636,"rid":7498631,"status":1,"subVersion":20190328190947,"type":1}]}],"signStr":"tsf;"},"desc":"OK_WITH_VALUE","status":2}
2019-04-11 17:00:12.528 INFO  TestCase.InsertData.NewPub_Identify - 插入数据1条
