2018-11-21 11:07:31.483 INFO  SMARTISAN.V2PhoneInfoTest - Url:https://sdkapiv2.bizport.cn/life/phone/info
2018-11-21 11:07:31.610 INFO  SMARTISAN.V2PhoneInfoTest - RequestHeaders:{"crypt":"3","tk":"9hDuUlaab4MqlWnBmTgxkRuhpI3GXXRrUn8JVlPraxAx30C/+wVCtHv3yDWzNmHnIRLgC9DNMmWJcLWk1QzWsJ2P9f5e1Y1F5FWYFBLyI/g=","apiver":"2","sdkver":"201502020000","chan":"SMARTISANPHONE2","dp":"6ba94d3ea21cd5b6333ffd4fe1f31006","nz":"1","uiver":"201502020000"}
2018-11-21 11:07:31.612 INFO  SMARTISAN.V2PhoneInfoTest - --------------------testcase001--------------------
2018-11-21 11:07:31.614 INFO  com.xy.onlineteam.sdkapi.util.TimeValidator - Windows 7
2018-11-21 11:07:31.658 INFO  SMARTISAN.V2PhoneInfoTest - RequestBody:{"timemills":1542769656072,"location":{"lng":"114.05956","lat":"22.54286","coordsys":"gaode"},"items":[{"pubnum":"10086","calltype":"1","version":"0"}]}
2018-11-21 11:07:31.663 INFO  SMARTISAN.V2PhoneInfoTest - PublicRequestBody:{"p":"0991974bea709ac8d255ae967e2707d9c885515a6d1e7c8579cc6f43884c6ccc","si":"2f0019b695e6f12cd02e75a30e353373","x":"c5b92efde32b248c70a9b29c67b668181e08d3612aae0b8f988b289ad2f0de0b","ai":"2f5d5bdd2c4aa27ac6ebd17e7bc40ce8929b4f29191ba60a7e01e0d035538d47","net":"WIFI"}
2018-11-21 11:07:32.328 INFO  SMARTISAN.V2PhoneInfoTest - ResponseHeaders:{null:["HTTP/1.1 200 OK"],"crypt":["3"],"Connection":["keep-alive"],"nz":["1"],"Content-Length":["384"],"Date":["Wed, 21 Nov 2018 03:07:31 GMT"]}
2018-11-21 11:07:32.330 INFO  SMARTISAN.V2PhoneInfoTest - ResponseBody:{"body":[{"auth":1,"formatNum":"10086","intro":"中国移动通信集团公司于2000年4月20日成立，是一家基于GSM，TD-SCDMA和TD-LTE制式网络的移动通信运营商。","logo":"http://down2.bizport.cn/publicnum/upload/5ded079459fddd81d8b6fc1b277df060.jpg","name":"中国移动","numtype":1,"pubnum":"10086","src":5,"type":4,"version":"201807121608","website":"http://www.10086.cn"}],"desc":"ok","status":1}
2018-11-21 11:07:32.330 INFO  SMARTISAN.V2PhoneInfoTest - 耗时:289
2018-11-21 11:08:12.675 INFO  SMARTISAN.V2PhoneInfoTest - Url:https://sdkapiv2.bizport.cn/life/phone/info
2018-11-21 11:08:12.784 INFO  SMARTISAN.V2PhoneInfoTest - RequestHeaders:{"crypt":"3","tk":"9hDuUlaab4MqlWnBmTgxkRuhpI3GXXRrUn8JVlPraxAx30C/+wVCtHv3yDWzNmHnIRLgC9DNMmWJcLWk1QzWsJ2P9f5e1Y1F5FWYFBLyI/g=","apiver":"2","sdkver":"201502020000","chan":"SMARTISANPHONE2","dp":"6ba94d3ea21cd5b6333ffd4fe1f31006","nz":"1","uiver":"201502020000"}
2018-11-21 11:08:12.787 INFO  SMARTISAN.V2PhoneInfoTest - --------------------testcase001--------------------
2018-11-21 11:08:12.789 INFO  com.xy.onlineteam.sdkapi.util.TimeValidator - Windows 7
2018-11-21 11:08:12.794 INFO  SMARTISAN.V2PhoneInfoTest - RequestBody:{"timemills":1542769696072,"location":{"lng":"114.05956","lat":"22.54286","coordsys":"gaode"},"items":[{"pubnum":"10086","calltype":"1","version":"0"}]}
2018-11-21 11:08:12.802 INFO  SMARTISAN.V2PhoneInfoTest - PublicRequestBody:{"p":"0991974bea709ac8d255ae967e2707d9c885515a6d1e7c8579cc6f43884c6ccc","si":"2f0019b695e6f12cd02e75a30e353373","x":"c5b92efde32b248c70a9b29c67b668181e08d3612aae0b8f988b289ad2f0de0b","ai":"2f5d5bdd2c4aa27ac6ebd17e7bc40ce8929b4f29191ba60a7e01e0d035538d47","net":"WIFI"}
2018-11-21 11:08:13.531 INFO  SMARTISAN.V2PhoneInfoTest - ResponseHeaders:{null:["HTTP/1.1 200 OK"],"crypt":["3"],"Connection":["keep-alive"],"nz":["1"],"Content-Length":["384"],"Date":["Wed, 21 Nov 2018 03:08:12 GMT"]}
2018-11-21 11:08:13.533 INFO  SMARTISAN.V2PhoneInfoTest - ResponseBody:{"body":[{"auth":1,"formatNum":"10086","intro":"中国移动通信集团公司于2000年4月20日成立，是一家基于GSM，TD-SCDMA和TD-LTE制式网络的移动通信运营商。","logo":"http://down2.bizport.cn/publicnum/upload/5ded079459fddd81d8b6fc1b277df060.jpg","name":"中国移动","numtype":1,"pubnum":"10086","src":5,"type":4,"version":"201807121608","website":"http://www.10086.cn"}],"desc":"ok","status":1}
2018-11-21 11:08:13.534 INFO  SMARTISAN.V2PhoneInfoTest - 耗时:258
2018-11-21 11:09:43.395 INFO  SMARTISAN.V2PhoneInfoTest - Url:https://sdkapiv2.bizport.cn/life/phone/info
2018-11-21 11:09:43.489 INFO  SMARTISAN.V2PhoneInfoTest - RequestHeaders:{"crypt":"3","tk":"9hDuUlaab4MqlWnBmTgxkRuhpI3GXXRrUn8JVlPraxAx30C/+wVCtHv3yDWzNmHnIRLgC9DNMmWJcLWk1QzWsJ2P9f5e1Y1F5FWYFBLyI/g=","apiver":"2","sdkver":"201502020000","chan":"SMARTISANPHONE2","dp":"6ba94d3ea21cd5b6333ffd4fe1f31006","nz":"1","uiver":"201502020000"}
2018-11-21 11:09:43.492 INFO  SMARTISAN.V2PhoneInfoTest - --------------------testcase001--------------------
2018-11-21 11:09:43.495 INFO  com.xy.onlineteam.sdkapi.util.TimeValidator - Windows 7
2018-11-21 11:09:43.499 INFO  SMARTISAN.V2PhoneInfoTest - RequestBody:{"timemills":1542769786072,"location":{"lng":"114.05956","lat":"22.54286","coordsys":"gaode"},"items":[{"pubnum":"10086","calltype":"1","version":"0"},{"pubnum":"95599","calltype":"1","version":"0"}]}
2018-11-21 11:09:43.504 INFO  SMARTISAN.V2PhoneInfoTest - PublicRequestBody:{"p":"0991974bea709ac8d255ae967e2707d9c885515a6d1e7c8579cc6f43884c6ccc","si":"2f0019b695e6f12cd02e75a30e353373","x":"c5b92efde32b248c70a9b29c67b668181e08d3612aae0b8f988b289ad2f0de0b","ai":"2f5d5bdd2c4aa27ac6ebd17e7bc40ce8929b4f29191ba60a7e01e0d035538d47","net":"WIFI"}
2018-11-21 11:09:44.168 INFO  SMARTISAN.V2PhoneInfoTest - ResponseHeaders:{null:["HTTP/1.1 200 OK"],"crypt":["3"],"Connection":["keep-alive"],"nz":["1"],"Content-Length":["672"],"Date":["Wed, 21 Nov 2018 03:09:42 GMT"]}
2018-11-21 11:09:44.170 INFO  SMARTISAN.V2PhoneInfoTest - ResponseBody:{"body":[{"addr":"北京市东城区建国门内大街69号","auth":1,"formatNum":"95599","intro":"中国农业银行（Agricultural Bank of China，简称ABC，农行）是中国大型上市银行，中国五大银行之一。最初成立于1951年(辛卯年)，是新中国成立的第一家国有商业银行，也是中国金融体系的重要组成部分，总行设在北京。","logo":"http://down2.bizport.cn/publicnum/upload/8f173ca0873e1abae4fcc492913ea5c1.jpg","name":"农业银行","numtype":1,"pubnum":"95599","src":5,"type":4,"version":"201807040720","website":"http://www.abchina.com"},{"auth":1,"formatNum":"10086","intro":"中国移动通信集团公司于2000年4月20日成立，是一家基于GSM，TD-SCDMA和TD-LTE制式网络的移动通信运营商。","logo":"http://down2.bizport.cn/publicnum/upload/5ded079459fddd81d8b6fc1b277df060.jpg","name":"中国移动","numtype":1,"pubnum":"10086","src":5,"type":4,"version":"201807121608","website":"http://www.10086.cn"}],"desc":"ok","status":1}
2018-11-21 11:09:44.170 INFO  SMARTISAN.V2PhoneInfoTest - 耗时:251
2018-11-21 11:17:13.808 INFO  SMARTISAN.V2PhoneInfoTest - Url:https://sdkapiv2.bizport.cn/life/phone/info
2018-11-21 11:17:13.881 INFO  SMARTISAN.V2PhoneInfoTest - RequestHeaders:{"crypt":"3","tk":"9hDuUlaab4MqlWnBmTgxkRuhpI3GXXRrUn8JVlPraxAx30C/+wVCtHv3yDWzNmHnIRLgC9DNMmWJcLWk1QzWsJ2P9f5e1Y1F5FWYFBLyI/g=","apiver":"2","sdkver":"201502020000","chan":"SMARTISANPHONE2","dp":"6ba94d3ea21cd5b6333ffd4fe1f31006","nz":"1","uiver":"201502020000"}
2018-11-21 11:17:13.893 INFO  SMARTISAN.V2PhoneInfoTest - --------------------testcase001--------------------
2018-11-21 11:17:13.895 INFO  com.xy.onlineteam.sdkapi.util.TimeValidator - Windows 7
2018-11-21 11:17:13.900 INFO  SMARTISAN.V2PhoneInfoTest - RequestBody:{"timemills":1542770236072,"location":{"lng":"114.05956","lat":"22.54286","coordsys":"gaode"},"items":[{"pubnum":"333","calltype":"1","version":"0"},{"pubnum":"95599","calltype":"1","version":"0"}]}
2018-11-21 11:17:13.905 INFO  SMARTISAN.V2PhoneInfoTest - PublicRequestBody:{"p":"0991974bea709ac8d255ae967e2707d9c885515a6d1e7c8579cc6f43884c6ccc","si":"2f0019b695e6f12cd02e75a30e353373","x":"c5b92efde32b248c70a9b29c67b668181e08d3612aae0b8f988b289ad2f0de0b","ai":"2f5d5bdd2c4aa27ac6ebd17e7bc40ce8929b4f29191ba60a7e01e0d035538d47","net":"WIFI"}
2018-11-21 11:17:14.537 INFO  SMARTISAN.V2PhoneInfoTest - ResponseHeaders:{null:["HTTP/1.1 200 OK"],"crypt":["3"],"Connection":["keep-alive"],"nz":["1"],"Content-Length":["512"],"Date":["Wed, 21 Nov 2018 03:17:13 GMT"]}
2018-11-21 11:17:14.539 INFO  SMARTISAN.V2PhoneInfoTest - ResponseBody:{"body":[{"addr":"北京市东城区建国门内大街69号","auth":1,"formatNum":"95599","intro":"中国农业银行（Agricultural Bank of China，简称ABC，农行）是中国大型上市银行，中国五大银行之一。最初成立于1951年(辛卯年)，是新中国成立的第一家国有商业银行，也是中国金融体系的重要组成部分，总行设在北京。","logo":"http://down2.bizport.cn/publicnum/upload/8f173ca0873e1abae4fcc492913ea5c1.jpg","name":"农业银行","numtype":1,"pubnum":"95599","src":5,"type":4,"version":"201807040720","website":"http://www.abchina.com"}],"desc":"ok","status":1}
2018-11-21 11:17:14.539 INFO  SMARTISAN.V2PhoneInfoTest - 耗时:239
2018-11-21 11:17:37.610 INFO  SMARTISAN.V2PhoneInfoTest - Url:https://sdkapiv2.bizport.cn/life/phone/info
2018-11-21 11:17:37.689 INFO  SMARTISAN.V2PhoneInfoTest - RequestHeaders:{"crypt":"3","tk":"9hDuUlaab4MqlWnBmTgxkRuhpI3GXXRrUn8JVlPraxAx30C/+wVCtHv3yDWzNmHnIRLgC9DNMmWJcLWk1QzWsJ2P9f5e1Y1F5FWYFBLyI/g=","apiver":"2","sdkver":"201502020000","chan":"SMARTISANPHONE2","dp":"6ba94d3ea21cd5b6333ffd4fe1f31006","nz":"1","uiver":"201502020000"}
2018-11-21 11:17:37.692 INFO  SMARTISAN.V2PhoneInfoTest - --------------------testcase001--------------------
2018-11-21 11:17:37.694 INFO  com.xy.onlineteam.sdkapi.util.TimeValidator - Windows 7
2018-11-21 11:17:37.702 INFO  SMARTISAN.V2PhoneInfoTest - RequestBody:{"timemills":1542770256072,"location":{"lng":"114.05956","lat":"22.54286","coordsys":"gaode"},"items":[{"pubnum":"333","calltype":"1","version":"0"}]}
2018-11-21 11:17:37.710 INFO  SMARTISAN.V2PhoneInfoTest - PublicRequestBody:{"p":"0991974bea709ac8d255ae967e2707d9c885515a6d1e7c8579cc6f43884c6ccc","si":"2f0019b695e6f12cd02e75a30e353373","x":"c5b92efde32b248c70a9b29c67b668181e08d3612aae0b8f988b289ad2f0de0b","ai":"2f5d5bdd2c4aa27ac6ebd17e7bc40ce8929b4f29191ba60a7e01e0d035538d47","net":"WIFI"}
2018-11-21 11:17:38.664 INFO  SMARTISAN.V2PhoneInfoTest - ResponseHeaders:{null:["HTTP/1.1 200 OK"],"crypt":["3"],"Connection":["keep-alive"],"nz":["1"],"Content-Length":["80"],"Date":["Wed, 21 Nov 2018 03:17:37 GMT"]}
2018-11-21 11:17:38.665 INFO  SMARTISAN.V2PhoneInfoTest - ResponseBody:{"body":[],"desc":"items null or empty","status":6001}
2018-11-21 11:17:38.666 INFO  SMARTISAN.V2PhoneInfoTest - 耗时:442
2018-11-21 11:24:17.126 INFO  SMARTISAN.V2PhoneInfoTest - Url:https://sdkapiv2.bizport.cn/life/phone/info
2018-11-21 11:24:17.359 INFO  SMARTISAN.V2PhoneInfoTest - RequestHeaders:{"crypt":"3","tk":"9hDuUlaab4MqlWnBmTgxkRuhpI3GXXRrUn8JVlPraxAx30C/+wVCtHv3yDWzNmHnIRLgC9DNMmWJcLWk1QzWsJ2P9f5e1Y1F5FWYFBLyI/g=","apiver":"2","sdkver":"201502020000","chan":"SMARTISANPHONE2","dp":"6ba94d3ea21cd5b6333ffd4fe1f31006","nz":"1","uiver":"201502020000"}
2018-11-21 11:24:17.362 INFO  SMARTISAN.V2PhoneInfoTest - --------------------testcase001--------------------
2018-11-21 11:24:17.386 INFO  com.xy.onlineteam.sdkapi.util.TimeValidator - Windows 7
2018-11-21 11:24:17.427 INFO  SMARTISAN.V2PhoneInfoTest - RequestBody:{"timemills":1542770656072,"location":{"lng":"114.05956","lat":"22.54286","coordsys":"gaode"},"items":[{"pubnum":"33333","calltype":"1","version":"0"}]}
2018-11-21 11:24:17.437 INFO  SMARTISAN.V2PhoneInfoTest - PublicRequestBody:{"p":"0991974bea709ac8d255ae967e2707d9c885515a6d1e7c8579cc6f43884c6ccc","si":"2f0019b695e6f12cd02e75a30e353373","x":"c5b92efde32b248c70a9b29c67b668181e08d3612aae0b8f988b289ad2f0de0b","ai":"2f5d5bdd2c4aa27ac6ebd17e7bc40ce8929b4f29191ba60a7e01e0d035538d47","net":"WIFI"}
2018-11-21 11:24:18.256 INFO  SMARTISAN.V2PhoneInfoTest - ResponseHeaders:{null:["HTTP/1.1 200 OK"],"crypt":["3"],"Connection":["keep-alive"],"nz":["1"],"Content-Length":["160"],"Date":["Wed, 21 Nov 2018 03:24:17 GMT"]}
2018-11-21 11:24:18.258 INFO  SMARTISAN.V2PhoneInfoTest - ResponseBody:{"body":[{"auth":0,"formatNum":"33333","name":"集团短号","numtype":1,"pubnum":"33333","src":5,"type":4,"version":"201807121608"}],"desc":"ok","status":1}
2018-11-21 11:24:18.258 INFO  SMARTISAN.V2PhoneInfoTest - 耗时:259
2018-11-21 11:29:49.854 INFO  SMARTISAN.V2PhoneInfoTest - Url:https://sdkapiv2.bizport.cn/life/phone/info
2018-11-21 11:29:49.931 INFO  SMARTISAN.V2PhoneInfoTest - RequestHeaders:{"crypt":"3","tk":"9hDuUlaab4MqlWnBmTgxkRuhpI3GXXRrUn8JVlPraxAx30C/+wVCtHv3yDWzNmHnIRLgC9DNMmWJcLWk1QzWsJ2P9f5e1Y1F5FWYFBLyI/g=","apiver":"2","sdkver":"201502020000","chan":"SMARTISANPHONE2","dp":"6ba94d3ea21cd5b6333ffd4fe1f31006","nz":"1","uiver":"201502020000"}
2018-11-21 11:29:49.933 INFO  SMARTISAN.V2PhoneInfoTest - --------------------testcase001--------------------
2018-11-21 11:29:49.935 INFO  com.xy.onlineteam.sdkapi.util.TimeValidator - Windows 7
2018-11-21 11:29:49.937 INFO  SMARTISAN.V2PhoneInfoTest - RequestBody:{"timemills":1542770986072,"location":{"lng":"114.05956","lat":"22.54286","coordsys":"gaode"},"items":[{"pubnum":"13727085012","calltype":"1","version":"0"}]}
2018-11-21 11:29:49.942 INFO  SMARTISAN.V2PhoneInfoTest - PublicRequestBody:{"p":"0991974bea709ac8d255ae967e2707d9c885515a6d1e7c8579cc6f43884c6ccc","si":"2f0019b695e6f12cd02e75a30e353373","x":"c5b92efde32b248c70a9b29c67b668181e08d3612aae0b8f988b289ad2f0de0b","ai":"2f5d5bdd2c4aa27ac6ebd17e7bc40ce8929b4f29191ba60a7e01e0d035538d47","net":"WIFI"}
2018-11-21 11:29:51.298 INFO  SMARTISAN.V2PhoneInfoTest - ResponseHeaders:{null:["HTTP/1.1 200 OK"],"crypt":["3"],"Connection":["keep-alive"],"nz":["1"],"Content-Length":["128"],"Date":["Wed, 21 Nov 2018 03:29:50 GMT"]}
2018-11-21 11:29:51.300 INFO  SMARTISAN.V2PhoneInfoTest - ResponseBody:{"body":[{"area":"广东珠海移动","formatNum":"13727085012","pubnum":"13727085012","type":1}],"desc":"ok","status":1}
2018-11-21 11:29:51.300 INFO  SMARTISAN.V2PhoneInfoTest - 耗时:839
2018-11-21 11:31:53.664 INFO  SMARTISAN.V2PhoneNameIdentifyTest - Url:https://sdktest.bizport.cn/life/phone/nameidentify
2018-11-21 11:31:53.733 INFO  SMARTISAN.V2PhoneNameIdentifyTest - RequestHeaders:{"crypt":"3","tk":"9hDuUlaab4MqlWnBmTgxkRuhpI3GXXRrUn8JVlPraxAx30C/+wVCtHv3yDWzNmHnIRLgC9DNMmWJcLWk1QzWsJ2P9f5e1Y1F5FWYFBLyI/g=","apiver":"2","sdkver":"201502020000","chan":"SMARTISANPHONE2","dp":"6ba94d3ea21cd5b6333ffd4fe1f31006","nz":"1","uiver":"201502020000"}
2018-11-21 11:31:53.736 INFO  SMARTISAN.V2PhoneNameIdentifyTest - --------------------testcase001--------------------
2018-11-21 11:31:53.738 INFO  com.xy.onlineteam.sdkapi.util.TimeValidator - Windows 7
2018-11-21 11:31:53.741 INFO  SMARTISAN.V2PhoneNameIdentifyTest - RequestBody:{"timemills":1542771116072,"nameList":[{"name":"中移"}],"location":{"lng":"114.05956","lat":"22.54286","coordsys":"gaode"}}
2018-11-21 11:31:53.746 INFO  SMARTISAN.V2PhoneNameIdentifyTest - PublicRequestBody:{"p":"0991974bea709ac8d255ae967e2707d9c885515a6d1e7c8579cc6f43884c6ccc","si":"2f0019b695e6f12cd02e75a30e353373","x":"c5b92efde32b248c70a9b29c67b668181e08d3612aae0b8f988b289ad2f0de0b","ai":"2f5d5bdd2c4aa27ac6ebd17e7bc40ce8929b4f29191ba60a7e01e0d035538d47","net":"WIFI"}
2018-11-21 11:31:54.365 INFO  SMARTISAN.V2PhoneNameIdentifyTest - ResponseHeaders:{null:["HTTP/1.1 200 OK"],"XY-RS-CODE":["1"],"crypt":["3"],"Connection":["keep-alive"],"nz":["1"],"Content-Length":["144"],"Date":["Wed, 21 Nov 2018 03:31:53 GMT"]}
2018-11-21 11:31:54.366 INFO  SMARTISAN.V2PhoneNameIdentifyTest - ResponseBody:{"body":[{"name":"中移","phoneNameList":[{"orgname":"中国移动","phonenum":"10086","weight":16056880}]}],"desc":"OK_WITH_VALUE","status":2}
2018-11-21 11:31:54.367 INFO  SMARTISAN.V2PhoneNameIdentifyTest - 耗时:272
2018-11-21 11:32:07.808 INFO  SMARTISAN.V2PhoneNameIdentifyTest - Url:https://sdktest.bizport.cn/life/phone/nameidentify
2018-11-21 11:32:07.881 INFO  SMARTISAN.V2PhoneNameIdentifyTest - RequestHeaders:{"crypt":"3","tk":"9hDuUlaab4MqlWnBmTgxkRuhpI3GXXRrUn8JVlPraxAx30C/+wVCtHv3yDWzNmHnIRLgC9DNMmWJcLWk1QzWsJ2P9f5e1Y1F5FWYFBLyI/g=","apiver":"2","sdkver":"201502020000","chan":"SMARTISANPHONE2","dp":"6ba94d3ea21cd5b6333ffd4fe1f31006","nz":"1","uiver":"201502020000"}
2018-11-21 11:32:07.887 INFO  SMARTISAN.V2PhoneNameIdentifyTest - --------------------testcase001--------------------
2018-11-21 11:32:07.889 INFO  com.xy.onlineteam.sdkapi.util.TimeValidator - Windows 7
2018-11-21 11:32:07.894 INFO  SMARTISAN.V2PhoneNameIdentifyTest - RequestBody:{"timemills":1542771126072,"nameList":[{"name":"中移"}],"location":{"lng":"114.05956","lat":"22.54286","coordsys":"baidu"}}
2018-11-21 11:32:07.900 INFO  SMARTISAN.V2PhoneNameIdentifyTest - PublicRequestBody:{"p":"0991974bea709ac8d255ae967e2707d9c885515a6d1e7c8579cc6f43884c6ccc","si":"2f0019b695e6f12cd02e75a30e353373","x":"c5b92efde32b248c70a9b29c67b668181e08d3612aae0b8f988b289ad2f0de0b","ai":"2f5d5bdd2c4aa27ac6ebd17e7bc40ce8929b4f29191ba60a7e01e0d035538d47","net":"WIFI"}
2018-11-21 11:32:08.599 INFO  SMARTISAN.V2PhoneNameIdentifyTest - ResponseHeaders:{null:["HTTP/1.1 200 OK"],"XY-RS-CODE":["1"],"crypt":["3"],"Connection":["keep-alive"],"nz":["1"],"Content-Length":["144"],"Date":["Wed, 21 Nov 2018 03:32:07 GMT"]}
2018-11-21 11:32:08.601 INFO  SMARTISAN.V2PhoneNameIdentifyTest - ResponseBody:{"body":[{"name":"中移","phoneNameList":[{"orgname":"中国移动","phonenum":"10086","weight":16056880}]}],"desc":"OK_WITH_VALUE","status":2}
2018-11-21 11:32:08.601 INFO  SMARTISAN.V2PhoneNameIdentifyTest - 耗时:233
2018-11-21 11:32:19.640 INFO  SMARTISAN.V2PhoneNameIdentifyTest - Url:https://sdktest.bizport.cn/life/phone/nameidentify
2018-11-21 11:32:19.705 INFO  SMARTISAN.V2PhoneNameIdentifyTest - RequestHeaders:{"crypt":"3","tk":"9hDuUlaab4MqlWnBmTgxkRuhpI3GXXRrUn8JVlPraxAx30C/+wVCtHv3yDWzNmHnIRLgC9DNMmWJcLWk1QzWsJ2P9f5e1Y1F5FWYFBLyI/g=","apiver":"2","sdkver":"201502020000","chan":"SMARTISANPHONE2","dp":"6ba94d3ea21cd5b6333ffd4fe1f31006","nz":"1","uiver":"201502020000"}
2018-11-21 11:32:19.709 INFO  SMARTISAN.V2PhoneNameIdentifyTest - --------------------testcase001--------------------
2018-11-21 11:32:19.711 INFO  com.xy.onlineteam.sdkapi.util.TimeValidator - Windows 7
2018-11-21 11:32:19.714 INFO  SMARTISAN.V2PhoneNameIdentifyTest - RequestBody:{"timemills":1542771136072,"nameList":[{"name":"中国移动"}],"location":{"lng":"114.05956","lat":"22.54286","coordsys":"baidu"}}
2018-11-21 11:32:19.720 INFO  SMARTISAN.V2PhoneNameIdentifyTest - PublicRequestBody:{"p":"0991974bea709ac8d255ae967e2707d9c885515a6d1e7c8579cc6f43884c6ccc","si":"2f0019b695e6f12cd02e75a30e353373","x":"c5b92efde32b248c70a9b29c67b668181e08d3612aae0b8f988b289ad2f0de0b","ai":"2f5d5bdd2c4aa27ac6ebd17e7bc40ce8929b4f29191ba60a7e01e0d035538d47","net":"WIFI"}
2018-11-21 11:32:20.449 INFO  SMARTISAN.V2PhoneNameIdentifyTest - ResponseHeaders:{null:["HTTP/1.1 200 OK"],"XY-RS-CODE":["1"],"crypt":["3"],"Connection":["keep-alive"],"nz":["1"],"Content-Length":["144"],"Date":["Wed, 21 Nov 2018 03:32:19 GMT"]}
2018-11-21 11:32:20.451 INFO  SMARTISAN.V2PhoneNameIdentifyTest - ResponseBody:{"body":[{"name":"中国移动","phoneNameList":[{"orgname":"中国移动","phonenum":"10086","weight":16056880}]}],"desc":"OK_WITH_VALUE","status":2}
2018-11-21 11:32:20.451 INFO  SMARTISAN.V2PhoneNameIdentifyTest - 耗时:254
2018-11-21 11:32:36.009 INFO  SMARTISAN.V2PhoneNameIdentifyTest - Url:https://sdktest.bizport.cn/life/phone/nameidentify
2018-11-21 11:32:36.073 INFO  SMARTISAN.V2PhoneNameIdentifyTest - RequestHeaders:{"crypt":"3","tk":"9hDuUlaab4MqlWnBmTgxkRuhpI3GXXRrUn8JVlPraxAx30C/+wVCtHv3yDWzNmHnIRLgC9DNMmWJcLWk1QzWsJ2P9f5e1Y1F5FWYFBLyI/g=","apiver":"2","sdkver":"201502020000","chan":"SMARTISANPHONE2","dp":"6ba94d3ea21cd5b6333ffd4fe1f31006","nz":"1","uiver":"201502020000"}
2018-11-21 11:32:36.076 INFO  SMARTISAN.V2PhoneNameIdentifyTest - --------------------testcase001--------------------
2018-11-21 11:32:36.079 INFO  com.xy.onlineteam.sdkapi.util.TimeValidator - Windows 7
2018-11-21 11:32:36.083 INFO  SMARTISAN.V2PhoneNameIdentifyTest - RequestBody:{"timemills":1542771156072,"nameList":[{"name":"中国联通"}],"location":{"lng":"114.05956","lat":"22.54286","coordsys":"baidu"}}
2018-11-21 11:32:36.090 INFO  SMARTISAN.V2PhoneNameIdentifyTest - PublicRequestBody:{"p":"0991974bea709ac8d255ae967e2707d9c885515a6d1e7c8579cc6f43884c6ccc","si":"2f0019b695e6f12cd02e75a30e353373","x":"c5b92efde32b248c70a9b29c67b668181e08d3612aae0b8f988b289ad2f0de0b","ai":"2f5d5bdd2c4aa27ac6ebd17e7bc40ce8929b4f29191ba60a7e01e0d035538d47","net":"WIFI"}
2018-11-21 11:32:36.803 INFO  SMARTISAN.V2PhoneNameIdentifyTest - ResponseHeaders:{null:["HTTP/1.1 200 OK"],"XY-RS-CODE":["1"],"crypt":["3"],"Connection":["keep-alive"],"nz":["1"],"Content-Length":["144"],"Date":["Wed, 21 Nov 2018 03:32:35 GMT"]}
2018-11-21 11:32:36.805 INFO  SMARTISAN.V2PhoneNameIdentifyTest - ResponseBody:{"body":[{"name":"中国联通","phoneNameList":[{"orgname":"中国联通","phonenum":"10010","weight":10543900}]}],"desc":"OK_WITH_VALUE","status":2}
2018-11-21 11:32:36.805 INFO  SMARTISAN.V2PhoneNameIdentifyTest - 耗时:267
2018-11-21 11:32:45.968 INFO  SMARTISAN.V2PhoneNameIdentifyTest - Url:https://sdktest.bizport.cn/life/phone/nameidentify
2018-11-21 11:32:46.033 INFO  SMARTISAN.V2PhoneNameIdentifyTest - RequestHeaders:{"crypt":"3","tk":"9hDuUlaab4MqlWnBmTgxkRuhpI3GXXRrUn8JVlPraxAx30C/+wVCtHv3yDWzNmHnIRLgC9DNMmWJcLWk1QzWsJ2P9f5e1Y1F5FWYFBLyI/g=","apiver":"2","sdkver":"201502020000","chan":"SMARTISANPHONE2","dp":"6ba94d3ea21cd5b6333ffd4fe1f31006","nz":"1","uiver":"201502020000"}
2018-11-21 11:32:46.036 INFO  SMARTISAN.V2PhoneNameIdentifyTest - --------------------testcase001--------------------
2018-11-21 11:32:46.044 INFO  com.xy.onlineteam.sdkapi.util.TimeValidator - Windows 7
2018-11-21 11:32:46.047 INFO  SMARTISAN.V2PhoneNameIdentifyTest - RequestBody:{"timemills":1542771166072,"nameList":[{"name":""}],"location":{"lng":"114.05956","lat":"22.54286","coordsys":"baidu"}}
2018-11-21 11:32:46.052 INFO  SMARTISAN.V2PhoneNameIdentifyTest - PublicRequestBody:{"p":"0991974bea709ac8d255ae967e2707d9c885515a6d1e7c8579cc6f43884c6ccc","si":"2f0019b695e6f12cd02e75a30e353373","x":"c5b92efde32b248c70a9b29c67b668181e08d3612aae0b8f988b289ad2f0de0b","ai":"2f5d5bdd2c4aa27ac6ebd17e7bc40ce8929b4f29191ba60a7e01e0d035538d47","net":"WIFI"}
2018-11-21 11:32:46.801 INFO  SMARTISAN.V2PhoneNameIdentifyTest - ResponseHeaders:{null:["HTTP/1.1 200 OK"],"XY-RS-CODE":["1"],"crypt":["3"],"Connection":["keep-alive"],"nz":["1"],"Content-Length":["64"],"Date":["Wed, 21 Nov 2018 03:32:45 GMT"]}
2018-11-21 11:32:46.802 INFO  SMARTISAN.V2PhoneNameIdentifyTest - ResponseBody:{"body":[],"desc":"OK_NO_VALUE","status":3}
2018-11-21 11:32:46.803 INFO  SMARTISAN.V2PhoneNameIdentifyTest - 耗时:256
2018-11-21 11:33:00.370 INFO  SMARTISAN.V2PhoneNameIdentifyTest - Url:https://sdktest.bizport.cn/life/phone/nameidentify
2018-11-21 11:33:00.430 INFO  SMARTISAN.V2PhoneNameIdentifyTest - RequestHeaders:{"crypt":"3","tk":"9hDuUlaab4MqlWnBmTgxkRuhpI3GXXRrUn8JVlPraxAx30C/+wVCtHv3yDWzNmHnIRLgC9DNMmWJcLWk1QzWsJ2P9f5e1Y1F5FWYFBLyI/g=","apiver":"2","sdkver":"201502020000","chan":"SMARTISANPHONE2","dp":"6ba94d3ea21cd5b6333ffd4fe1f31006","nz":"1","uiver":"201502020000"}
2018-11-21 11:33:00.433 INFO  SMARTISAN.V2PhoneNameIdentifyTest - --------------------testcase001--------------------
2018-11-21 11:33:00.435 INFO  com.xy.onlineteam.sdkapi.util.TimeValidator - Windows 7
2018-11-21 11:33:00.437 INFO  SMARTISAN.V2PhoneNameIdentifyTest - RequestBody:{"timemills":1542771186072,"nameList":[{"name":"小源科技"}],"location":{"lng":"114.05956","lat":"22.54286","coordsys":"baidu"}}
2018-11-21 11:33:00.443 INFO  SMARTISAN.V2PhoneNameIdentifyTest - PublicRequestBody:{"p":"0991974bea709ac8d255ae967e2707d9c885515a6d1e7c8579cc6f43884c6ccc","si":"2f0019b695e6f12cd02e75a30e353373","x":"c5b92efde32b248c70a9b29c67b668181e08d3612aae0b8f988b289ad2f0de0b","ai":"2f5d5bdd2c4aa27ac6ebd17e7bc40ce8929b4f29191ba60a7e01e0d035538d47","net":"WIFI"}
2018-11-21 11:33:01.977 INFO  SMARTISAN.V2PhoneNameIdentifyTest - ResponseHeaders:{null:["HTTP/1.1 200 OK"],"XY-RS-CODE":["1"],"crypt":["3"],"Connection":["keep-alive"],"nz":["1"],"Content-Length":["176"],"Date":["Wed, 21 Nov 2018 03:33:00 GMT"]}
2018-11-21 11:33:01.979 INFO  SMARTISAN.V2PhoneNameIdentifyTest - ResponseBody:{"body":[{"name":"小源科技","phoneNameList":[{"orgname":"小源科技","phonenum":"07568122623","telloc":"广东珠海市","weight":371}]}],"desc":"OK_WITH_VALUE","status":2}
2018-11-21 11:33:01.979 INFO  SMARTISAN.V2PhoneNameIdentifyTest - 耗时:1091
2018-11-21 11:34:17.637 INFO  SMARTISAN.V2PhoneNameIdentifyTest - Url: https://sdkapiv2.bizport.cn/life/phone/nameidentify
2018-11-21 11:34:17.728 INFO  SMARTISAN.V2PhoneNameIdentifyTest - RequestHeaders:{"crypt":"3","tk":"9hDuUlaab4MqlWnBmTgxkRuhpI3GXXRrUn8JVlPraxAx30C/+wVCtHv3yDWzNmHnIRLgC9DNMmWJcLWk1QzWsJ2P9f5e1Y1F5FWYFBLyI/g=","apiver":"2","sdkver":"201502020000","chan":"SMARTISANPHONE2","dp":"6ba94d3ea21cd5b6333ffd4fe1f31006","nz":"1","uiver":"201502020000"}
2018-11-21 11:34:17.735 INFO  SMARTISAN.V2PhoneNameIdentifyTest - --------------------testcase001--------------------
2018-11-21 11:34:17.737 INFO  com.xy.onlineteam.sdkapi.util.TimeValidator - Windows 7
2018-11-21 11:34:17.741 INFO  SMARTISAN.V2PhoneNameIdentifyTest - RequestBody:{"timemills":1542771256072,"nameList":[{"name":"小源科技"}],"location":{"lng":"114.05956","lat":"22.54286","coordsys":"baidu"}}
2018-11-21 11:34:17.746 INFO  SMARTISAN.V2PhoneNameIdentifyTest - PublicRequestBody:{"p":"0991974bea709ac8d255ae967e2707d9c885515a6d1e7c8579cc6f43884c6ccc","si":"2f0019b695e6f12cd02e75a30e353373","x":"c5b92efde32b248c70a9b29c67b668181e08d3612aae0b8f988b289ad2f0de0b","ai":"2f5d5bdd2c4aa27ac6ebd17e7bc40ce8929b4f29191ba60a7e01e0d035538d47","net":"WIFI"}
2018-11-21 11:34:18.459 INFO  SMARTISAN.V2PhoneNameIdentifyTest - ResponseHeaders:{null:["HTTP/1.1 200 OK"],"XY-RS-CODE":["1"],"crypt":["3"],"Connection":["keep-alive"],"nz":["1"],"Content-Length":["176"],"Date":["Wed, 21 Nov 2018 03:34:17 GMT"]}
2018-11-21 11:34:18.461 INFO  SMARTISAN.V2PhoneNameIdentifyTest - ResponseBody:{"body":[{"name":"小源科技","phoneNameList":[{"orgname":"小源科技","phonenum":"07568122623","telloc":"广东珠海市","weight":371}]}],"desc":"OK_WITH_VALUE","status":2}
2018-11-21 11:34:18.461 INFO  SMARTISAN.V2PhoneNameIdentifyTest - 耗时:273
2018-11-21 11:35:02.260 INFO  SMARTISAN.V2PhoneNameIdentifyTest - Url: https://sdkapiv2.bizport.cn/life/phone/nameidentify
2018-11-21 11:35:02.340 INFO  SMARTISAN.V2PhoneNameIdentifyTest - RequestHeaders:{"crypt":"3","tk":"9hDuUlaab4MqlWnBmTgxkRuhpI3GXXRrUn8JVlPraxAx30C/+wVCtHv3yDWzNmHnIRLgC9DNMmWJcLWk1QzWsJ2P9f5e1Y1F5FWYFBLyI/g=","apiver":"2","sdkver":"201502020000","chan":"SMARTISANPHONE2","dp":"6ba94d3ea21cd5b6333ffd4fe1f31006","nz":"1","uiver":"201502020000"}
2018-11-21 11:35:02.348 INFO  SMARTISAN.V2PhoneNameIdentifyTest - --------------------testcase001--------------------
2018-11-21 11:35:02.352 INFO  com.xy.onlineteam.sdkapi.util.TimeValidator - Windows 7
2018-11-21 11:35:02.354 INFO  SMARTISAN.V2PhoneNameIdentifyTest - RequestBody:{"timemills":1542771306072,"nameList":[{"name":"中国移动"}],"location":{"lng":"114.05956","lat":"22.54286","coordsys":"baidu"}}
2018-11-21 11:35:02.360 INFO  SMARTISAN.V2PhoneNameIdentifyTest - PublicRequestBody:{"p":"0991974bea709ac8d255ae967e2707d9c885515a6d1e7c8579cc6f43884c6ccc","si":"2f0019b695e6f12cd02e75a30e353373","x":"c5b92efde32b248c70a9b29c67b668181e08d3612aae0b8f988b289ad2f0de0b","ai":"2f5d5bdd2c4aa27ac6ebd17e7bc40ce8929b4f29191ba60a7e01e0d035538d47","net":"WIFI"}
2018-11-21 11:35:03.089 INFO  SMARTISAN.V2PhoneNameIdentifyTest - ResponseHeaders:{null:["HTTP/1.1 200 OK"],"XY-RS-CODE":["1"],"crypt":["3"],"Connection":["keep-alive"],"nz":["1"],"Content-Length":["144"],"Date":["Wed, 21 Nov 2018 03:35:01 GMT"]}
2018-11-21 11:35:03.091 INFO  SMARTISAN.V2PhoneNameIdentifyTest - ResponseBody:{"body":[{"name":"中国移动","phoneNameList":[{"orgname":"中国移动","phonenum":"10086","weight":16056880}]}],"desc":"OK_WITH_VALUE","status":2}
2018-11-21 11:35:03.091 INFO  SMARTISAN.V2PhoneNameIdentifyTest - 耗时:268
2018-11-21 11:35:16.864 INFO  SMARTISAN.V2PhoneUpdateTest - Url:https://sdktest.bizport.cn/life/phone/update
2018-11-21 11:35:16.944 INFO  SMARTISAN.V2PhoneUpdateTest - RequestHeaders:{"crypt":"3","tk":"9hDuUlaab4MqlWnBmTgxkRuhpI3GXXRrUn8JVlPraxAx30C/+wVCtHv3yDWzNmHnIRLgC9DNMmWJcLWk1QzWsJ2P9f5e1Y1F5FWYFBLyI/g=","apiver":"2","sdkver":"201502020000","chan":"SMARTISANPHONE2","dp":"6ba94d3ea21cd5b6333ffd4fe1f31006","nz":"1","uiver":"201502020000"}
2018-11-21 11:35:16.950 INFO  SMARTISAN.V2PhoneUpdateTest - --------------------testcase001--------------------
2018-11-21 11:35:16.951 INFO  SMARTISAN.V2PhoneUpdateTest - RequestBody:{"updateList":[{"dataVersion":"","dataType":""}]}
2018-11-21 11:35:16.958 INFO  SMARTISAN.V2PhoneUpdateTest - PublicRequestBody:{"p":"0991974bea709ac8d255ae967e2707d9c885515a6d1e7c8579cc6f43884c6ccc","si":"2f0019b695e6f12cd02e75a30e353373","x":"c5b92efde32b248c70a9b29c67b668181e08d3612aae0b8f988b289ad2f0de0b","ai":"2f5d5bdd2c4aa27ac6ebd17e7bc40ce8929b4f29191ba60a7e01e0d035538d47","net":"WIFI"}
2018-11-21 11:35:17.648 INFO  SMARTISAN.V2PhoneUpdateTest - ResponseHeaders:{null:["HTTP/1.1 200 OK"],"crypt":["0"],"Connection":["keep-alive"],"nz":["1"],"Content-Length":["53"],"Date":["Wed, 21 Nov 2018 03:35:16 GMT"]}
2018-11-21 11:35:17.650 INFO  SMARTISAN.V2PhoneUpdateTest - ResponseBody:{"desc":"OK_NO_VALUE","status":3}
2018-11-21 11:35:17.650 INFO  SMARTISAN.V2PhoneUpdateTest - 耗时:235
