2019-04-12 10:04:54.706 INFO  com.xy.V2PubClass.V2TokenTest - --------------------getResponseBody--------------------
2019-04-12 10:04:54.709 INFO  com.xy.V2PubClass.V2TokenTest - url:http://sdkapiv2.bizport.cn/token
2019-04-12 10:04:54.807 INFO  com.xy.V2PubClass.V2TokenTest - RequestHeaders:{"uid":"64f2f9ea0a9b9d437143e89d7047aec670c2009f6eefea9c5ada3d2abde1cc4b","crypt":"2","tk":"","apiver":"2","User-Agent":"Dalvik/2.1.0 (Linux; U; Android 7.0.0; M6 Note Build/NRD90M)","sdkver":"201607011616","chan":"HUAWEI2","dp":"9e58dc8e0e6ffcc93c38ede2841e15b5","nz":"1","uiver":"201502020000"}
2019-04-12 10:04:54.808 INFO  com.xy.V2PubClass.V2TokenTest - RequestBody:{"p":"64f2f9ea0a9b9d437143e89d7047aec670c2009f6eefea9c5ada3d2abde1cc4b","x":"0991974bea709ac8d255ae967e2707d9c885515a6d1e7c8579cc6f43884c6ccc","ai":"2f5d5bdd2c4aa27ac6ebd17e7bc40ce8929b4f29191ba60a7e01e0d035538d47","timestamp":"1555034694808"}
2019-04-12 10:04:55.605 INFO  com.xy.V2PubClass.V2TokenTest - responseHeaders:{null:["HTTP/1.1 200 OK"],"XY-RS-CODE":["1"],"crypt":["1"],"Connection":["keep-alive"],"nz":["1"],"Content-Length":["768"],"Date":["Fri, 12 Apr 2019 02:04:59 GMT"]}
2019-04-12 10:04:55.621 INFO  com.xy.V2PubClass.V2TokenTest - responseBody:{"body":{"aeskey":"S4TcCzCqtLhOdbqQFOdFwA==","apilist":[{"address":"sdkapiv2.bizport.cn","weight":10}],"expire":604800000,"iv":"EjRWeJCrze+pt8jW4/Ef/g==","token":"Bd9oAtNYIq2iB9xLYbpFwJ/qWJZMUn2AqDegcRkDR8+1+6R7QKj3gOHXyuTycknI78kBnsK8raMMvO3FgJJ5CFufq0oJh4ErizI2LWxm4/U="},"desc":"ok","status":1}
2019-04-12 10:04:55.667 INFO  TestCase.InsertData.NewPub_Identify - Url:http://192.168.101.214:8398/business/pubinfo/identify
2019-04-12 10:04:55.683 INFO  TestCase.InsertData.NewPub_Identify - --------------------testCase001_nz1_crypt3--------------------
2019-04-12 10:04:55.683 INFO  TestCase.InsertData.NewPub_Identify - RequestHeaders:{"uid":"64f2f9ea0a9b9d437143e89d7047aec670c2009f6eefea9c5ada3d2abde1cc4b","crypt":"3","tk":"Bd9oAtNYIq2iB9xLYbpFwJ/qWJZMUn2AqDegcRkDR8+1+6R7QKj3gOHXyuTycknI78kBnsK8raMMvO3FgJJ5CFufq0oJh4ErizI2LWxm4/U=","apiver":"2","User-Agent":"Dalvik/2.1.0 (Linux; U; Android 7.0.0; M6 Note Build/NRD90M)","sdkver":"201607011616","chan":"HUAWEI2","dp":"0831d617944f2fd667513f1030723d4a","nz":"1","uiver":"201502020000"}
2019-04-12 10:04:55.683 INFO  com.xy.onlineteam.sdkapi.util.TimeValidator - Windows 10
2019-04-12 10:04:55.683 INFO  TestCase.InsertData.NewPub_Identify - RequestBody:{"p":"8a06bb87ebab640320644ea38a45ab22ede371bfade35150576dbe5c4af3dd03","numParams":[{"iccid":"2","mnc":"2","requestType":"2","ci":"2","imsi":"2","mcc":"2","numList":[{"menuVersion":"20181226010134","ac":"2","f":"2","num":"60499105403","versionCode":"2010010101011","tc":"2","dt":"2","rc":"2","pubVersion":"20190327084537","areaCode":"GD","sg":"tsf","subVersion":"20190313115128","ec":"2"}],"cnum":"2","lac":"2"}],"timemills":1555034694282}
2019-04-12 10:04:55.683 INFO  TestCase.InsertData.NewPub_Identify - PublicRequestBody:{"p":"9b54a777998d9b73691e3ad6ac8063eff67f10c8fe9572da35e7620a0848d846","si":"793742b6c8b73f7f34b41f2ededdab95","x":"c5b92efde32b248c70a9b29c67b668181e08d3612aae0b8f988b289ad2f0de0b","ai":"2f5d5bdd2c4aa27ac6ebd17e7bc40ce8929b4f29191ba60a7e01e0d035538d47","net":"WIFI"}
2019-04-12 10:04:55.964 INFO  TestCase.InsertData.NewPub_Identify - 200
2019-04-12 10:04:55.980 INFO  TestCase.InsertData.NewPub_Identify - ResponseHeaders:{null:["HTTP/1.1 200 OK"],"content-length":["378"],"XY-RS-CODE":["1"],"crypt":["0"],"nz":["1"]}
2019-04-12 10:04:55.980 INFO  TestCase.InsertData.NewPub_Identify - ResponseBody:{"body":{"pubInfoList":[{"menuInfo":{"menuList":[{"menuCode":"01","menuName":"华为2全国1","menuType":"CALL","phoneNum":"123456"},{"menuCode":"02","menuName":"华为2全国2","menuType":"CALL","phoneNum":"123456"},{"menuCode":"03","menuName":"华为2全国2","menuType":"CALL","phoneNum":"123456"}],"menuModel":"1","menuVersion":"20190328111322","pubId":1139637628,"rid":7498631},"pubInfo":{"corpLevel":0,"pubName":"好欢螺","pubType":"电子商务-电商B2C;","pubTypeCode":"003003","pubVersion":"20190328132717","rid":7498631,"status":1,"versionCode":"20190328132717"},"pubNumList":[{"areaCode":"GD;","identType":2,"num":"60499105403","pubId":1139637628,"rid":7498631,"status":1,"subVersion":20190328165153,"type":1}]}]},"desc":"OK_WITH_VALUE","status":2}
2019-04-12 10:04:56.589 INFO  TestCase.InsertData.NewPub_Identify - 插入数据1条
2019-04-12 10:05:43.012 INFO  com.xy.V2PubClass.V2TokenTest - --------------------getResponseBody--------------------
2019-04-12 10:05:43.028 INFO  com.xy.V2PubClass.V2TokenTest - url:http://sdkapiv2.bizport.cn/token
2019-04-12 10:05:43.184 INFO  com.xy.V2PubClass.V2TokenTest - RequestHeaders:{"uid":"64f2f9ea0a9b9d437143e89d7047aec670c2009f6eefea9c5ada3d2abde1cc4b","crypt":"2","tk":"","apiver":"2","User-Agent":"Dalvik/2.1.0 (Linux; U; Android 7.0.0; M6 Note Build/NRD90M)","sdkver":"201607011616","chan":"HUAWEI3","dp":"9e58dc8e0e6ffcc93c38ede2841e15b5","nz":"1","uiver":"201502020000"}
2019-04-12 10:05:43.184 INFO  com.xy.V2PubClass.V2TokenTest - RequestBody:{"p":"64f2f9ea0a9b9d437143e89d7047aec670c2009f6eefea9c5ada3d2abde1cc4b","x":"0991974bea709ac8d255ae967e2707d9c885515a6d1e7c8579cc6f43884c6ccc","ai":"2f5d5bdd2c4aa27ac6ebd17e7bc40ce8929b4f29191ba60a7e01e0d035538d47","timestamp":"1555034743184"}
2019-04-12 10:05:43.822 INFO  com.xy.V2PubClass.V2TokenTest - responseHeaders:{null:["HTTP/1.1 200 OK"],"XY-RS-CODE":["1"],"crypt":["1"],"Connection":["keep-alive"],"nz":["1"],"Content-Length":["768"],"Date":["Fri, 12 Apr 2019 02:05:47 GMT"]}
2019-04-12 10:05:43.858 INFO  com.xy.V2PubClass.V2TokenTest - responseBody:{"body":{"aeskey":"u7mFhog+sjyb20I910FH8Q==","apilist":[{"address":"sdkapiv2.bizport.cn","weight":10}],"expire":604800000,"iv":"EjRWeJCrze+pt8jW4/Ef/g==","token":"5doYawm3bchCjnv5neXX8J6YoxbiLkyE1wZqVvcDTJ4DDkCLS73ux26VWoWeJEk8Tyq2Du/Cl2BNbmgSd7RSB+hSJ9nFbKrg/F9Gev1DbkU="},"desc":"ok","status":1}
2019-04-12 10:05:43.890 INFO  TestCase.InsertData.NewPub_Identify - Url:http://192.168.101.214:8398/business/pubinfo/identify
2019-04-12 10:05:43.890 INFO  TestCase.InsertData.NewPub_Identify - --------------------testCase001_nz1_crypt3--------------------
2019-04-12 10:05:43.890 INFO  TestCase.InsertData.NewPub_Identify - RequestHeaders:{"uid":"64f2f9ea0a9b9d437143e89d7047aec670c2009f6eefea9c5ada3d2abde1cc4b","crypt":"3","tk":"5doYawm3bchCjnv5neXX8J6YoxbiLkyE1wZqVvcDTJ4DDkCLS73ux26VWoWeJEk8Tyq2Du/Cl2BNbmgSd7RSB+hSJ9nFbKrg/F9Gev1DbkU=","apiver":"2","User-Agent":"Dalvik/2.1.0 (Linux; U; Android 7.0.0; M6 Note Build/NRD90M)","sdkver":"201607011616","chan":"HUAWEI3","dp":"0831d617944f2fd667513f1030723d4a","nz":"1","uiver":"201502020000"}
2019-04-12 10:05:43.890 INFO  com.xy.onlineteam.sdkapi.util.TimeValidator - Windows 10
2019-04-12 10:05:43.890 INFO  TestCase.InsertData.NewPub_Identify - RequestBody:{"p":"8a06bb87ebab640320644ea38a45ab22ede371bfade35150576dbe5c4af3dd03","numParams":[{"iccid":"2","mnc":"2","requestType":"2","ci":"2","imsi":"2","mcc":"2","numList":[{"menuVersion":"20181226010134","ac":"2","f":"2","num":"60499105403","versionCode":"2010010101011","tc":"2","dt":"2","rc":"2","pubVersion":"20190327084537","areaCode":"GD","sg":"tsf","subVersion":"20190313115128","ec":"2"}],"cnum":"2","lac":"2"}],"timemills":1555034744281}
2019-04-12 10:05:43.890 INFO  TestCase.InsertData.NewPub_Identify - PublicRequestBody:{"p":"9b54a777998d9b73691e3ad6ac8063eff67f10c8fe9572da35e7620a0848d846","si":"2d33aa458493ecf445f522b19b1fca5e","x":"c5b92efde32b248c70a9b29c67b668181e08d3612aae0b8f988b289ad2f0de0b","ai":"2f5d5bdd2c4aa27ac6ebd17e7bc40ce8929b4f29191ba60a7e01e0d035538d47","net":"WIFI"}
2019-04-12 10:05:44.046 INFO  TestCase.InsertData.NewPub_Identify - 200
2019-04-12 10:05:44.046 INFO  TestCase.InsertData.NewPub_Identify - ResponseHeaders:{null:["HTTP/1.1 200 OK"],"content-length":["53"],"XY-RS-CODE":["1"],"crypt":["0"],"nz":["1"]}
2019-04-12 10:05:44.046 INFO  TestCase.InsertData.NewPub_Identify - ResponseBody:{"desc":"OK_NO_VALUE","status":3}
2019-04-12 10:05:44.563 INFO  TestCase.InsertData.NewPub_Identify - 插入数据1条
2019-04-12 11:26:21.681 INFO  com.xy.V2PubClass.V2TokenTest - --------------------getResponseBody--------------------
2019-04-12 11:26:21.697 INFO  com.xy.V2PubClass.V2TokenTest - url:http://sdkapiv2.bizport.cn/token
2019-04-12 11:26:21.775 INFO  com.xy.V2PubClass.V2TokenTest - RequestHeaders:{"uid":"64f2f9ea0a9b9d437143e89d7047aec670c2009f6eefea9c5ada3d2abde1cc4b","crypt":"2","tk":"","apiver":"2","User-Agent":"Dalvik/2.1.0 (Linux; U; Android 7.0.0; M6 Note Build/NRD90M)","sdkver":"201607011616","chan":"HUAWEI3","dp":"9e58dc8e0e6ffcc93c38ede2841e15b5","nz":"1","uiver":"201502020000"}
2019-04-12 11:26:21.775 INFO  com.xy.V2PubClass.V2TokenTest - RequestBody:{"p":"64f2f9ea0a9b9d437143e89d7047aec670c2009f6eefea9c5ada3d2abde1cc4b","x":"0991974bea709ac8d255ae967e2707d9c885515a6d1e7c8579cc6f43884c6ccc","ai":"2f5d5bdd2c4aa27ac6ebd17e7bc40ce8929b4f29191ba60a7e01e0d035538d47","timestamp":"1555039581775"}
2019-04-12 11:26:22.431 INFO  com.xy.V2PubClass.V2TokenTest - responseHeaders:{null:["HTTP/1.1 200 OK"],"XY-RS-CODE":["1"],"crypt":["1"],"Connection":["keep-alive"],"nz":["1"],"Content-Length":["768"],"Date":["Fri, 12 Apr 2019 03:26:26 GMT"]}
2019-04-12 11:26:22.463 INFO  com.xy.V2PubClass.V2TokenTest - responseBody:{"body":{"aeskey":"j0DlQLydE0iDIYQ4WFrDLQ==","apilist":[{"address":"sdkapiv2.bizport.cn","weight":10}],"expire":604800000,"iv":"EjRWeJCrze+pt8jW4/Ef/g==","token":"Q/cL44V+XnS5sUfBcqk8VZkSuDCRxCfa9EUQw4exLeJRjzmagPjTsP0knfk+KUIWvT3bFuHSRG0SgAVHf/Ia2ylOHSQO61MHsqZWL+VI8Lo="},"desc":"ok","status":1}
2019-04-12 11:26:22.494 INFO  TestCase.InsertData.NewPub_Identify - Url:http://192.168.101.214:8398/business/pubinfo/identify
2019-04-12 11:26:22.494 INFO  TestCase.InsertData.NewPub_Identify - --------------------testCase001_nz1_crypt3--------------------
2019-04-12 11:26:22.494 INFO  TestCase.InsertData.NewPub_Identify - RequestHeaders:{"uid":"64f2f9ea0a9b9d437143e89d7047aec670c2009f6eefea9c5ada3d2abde1cc4b","crypt":"3","tk":"Q/cL44V+XnS5sUfBcqk8VZkSuDCRxCfa9EUQw4exLeJRjzmagPjTsP0knfk+KUIWvT3bFuHSRG0SgAVHf/Ia2ylOHSQO61MHsqZWL+VI8Lo=","apiver":"2","User-Agent":"Dalvik/2.1.0 (Linux; U; Android 7.0.0; M6 Note Build/NRD90M)","sdkver":"201607011616","chan":"HUAWEI3","dp":"0831d617944f2fd667513f1030723d4a","nz":"1","uiver":"201502020000"}
2019-04-12 11:26:22.494 INFO  com.xy.onlineteam.sdkapi.util.TimeValidator - Windows 10
2019-04-12 11:26:22.494 INFO  TestCase.InsertData.NewPub_Identify - RequestBody:{"p":"8a06bb87ebab640320644ea38a45ab22ede371bfade35150576dbe5c4af3dd03","numParams":[{"iccid":"2","mnc":"2","requestType":"2","ci":"2","imsi":"2","mcc":"2","numList":[{"menuVersion":"20181226010134","ac":"2","f":"2","num":"60499105405","sign":"9326113dfd6d87626a12da1da461640ec53febc7cf9e5cf8aaca57c4ec4f4268","versionCode":"2010010101011","tc":"2","dt":"2","rc":"2","pubVersion":"20190327084537","areaCode":"GD","sg":"tsf","subVersion":"20190313115128","ec":"2"}],"cnum":"2","lac":"2"}],"timemills":1555039584281}
2019-04-12 11:26:22.509 INFO  TestCase.InsertData.NewPub_Identify - PublicRequestBody:{"p":"9b54a777998d9b73691e3ad6ac8063eff67f10c8fe9572da35e7620a0848d846","si":"931a4c2c8c3aca9bf31601f481888bf4","x":"c5b92efde32b248c70a9b29c67b668181e08d3612aae0b8f988b289ad2f0de0b","ai":"2f5d5bdd2c4aa27ac6ebd17e7bc40ce8929b4f29191ba60a7e01e0d035538d47","net":"WIFI"}
2019-04-12 11:26:24.394 INFO  TestCase.InsertData.NewPub_Identify - 200
2019-04-12 11:26:24.394 INFO  TestCase.InsertData.NewPub_Identify - ResponseHeaders:{null:["HTTP/1.1 200 OK"],"content-length":["53"],"XY-RS-CODE":["1"],"crypt":["0"],"nz":["1"]}
2019-04-12 11:26:24.394 INFO  TestCase.InsertData.NewPub_Identify - ResponseBody:{"desc":"OK_NO_VALUE","status":3}
2019-04-12 11:26:26.603 INFO  TestCase.InsertData.NewPub_Identify - 插入数据1条
2019-04-12 11:26:53.388 INFO  com.xy.V2PubClass.V2TokenTest - --------------------getResponseBody--------------------
2019-04-12 11:26:53.388 INFO  com.xy.V2PubClass.V2TokenTest - url:http://sdkapiv2.bizport.cn/token
2019-04-12 11:26:53.482 INFO  com.xy.V2PubClass.V2TokenTest - RequestHeaders:{"uid":"64f2f9ea0a9b9d437143e89d7047aec670c2009f6eefea9c5ada3d2abde1cc4b","crypt":"2","tk":"","apiver":"2","User-Agent":"Dalvik/2.1.0 (Linux; U; Android 7.0.0; M6 Note Build/NRD90M)","sdkver":"201607011616","chan":"HUAWEI2","dp":"9e58dc8e0e6ffcc93c38ede2841e15b5","nz":"1","uiver":"201502020000"}
2019-04-12 11:26:53.482 INFO  com.xy.V2PubClass.V2TokenTest - RequestBody:{"p":"64f2f9ea0a9b9d437143e89d7047aec670c2009f6eefea9c5ada3d2abde1cc4b","x":"0991974bea709ac8d255ae967e2707d9c885515a6d1e7c8579cc6f43884c6ccc","ai":"2f5d5bdd2c4aa27ac6ebd17e7bc40ce8929b4f29191ba60a7e01e0d035538d47","timestamp":"1555039613482"}
2019-04-12 11:26:54.128 INFO  com.xy.V2PubClass.V2TokenTest - responseHeaders:{null:["HTTP/1.1 200 OK"],"XY-RS-CODE":["1"],"crypt":["1"],"Connection":["keep-alive"],"nz":["1"],"Content-Length":["768"],"Date":["Fri, 12 Apr 2019 03:26:57 GMT"]}
2019-04-12 11:26:54.144 INFO  com.xy.V2PubClass.V2TokenTest - responseBody:{"body":{"aeskey":"gs/fZ0fwaFP5Aj9Zb2u2sw==","apilist":[{"address":"sdkapiv2.bizport.cn","weight":10}],"expire":604800000,"iv":"EjRWeJCrze+pt8jW4/Ef/g==","token":"D1Jx5GbYq7fPecHIWMxeVAzc8YVj17zDKydvtOKKXWw0r1lUSxbuMz5RQ8/oVUKfxqDkM/2w5CjVC2QelfTI0JiU8S6o4Q7wukL3qG3kTy4="},"desc":"ok","status":1}
2019-04-12 11:26:54.191 INFO  TestCase.InsertData.NewPub_Identify - Url:http://192.168.101.214:8398/business/pubinfo/identify
2019-04-12 11:26:54.191 INFO  TestCase.InsertData.NewPub_Identify - --------------------testCase001_nz1_crypt3--------------------
2019-04-12 11:26:54.191 INFO  TestCase.InsertData.NewPub_Identify - RequestHeaders:{"uid":"64f2f9ea0a9b9d437143e89d7047aec670c2009f6eefea9c5ada3d2abde1cc4b","crypt":"3","tk":"D1Jx5GbYq7fPecHIWMxeVAzc8YVj17zDKydvtOKKXWw0r1lUSxbuMz5RQ8/oVUKfxqDkM/2w5CjVC2QelfTI0JiU8S6o4Q7wukL3qG3kTy4=","apiver":"2","User-Agent":"Dalvik/2.1.0 (Linux; U; Android 7.0.0; M6 Note Build/NRD90M)","sdkver":"201607011616","chan":"HUAWEI2","dp":"0831d617944f2fd667513f1030723d4a","nz":"1","uiver":"201502020000"}
2019-04-12 11:26:54.191 INFO  com.xy.onlineteam.sdkapi.util.TimeValidator - Windows 10
2019-04-12 11:26:54.191 INFO  TestCase.InsertData.NewPub_Identify - RequestBody:{"p":"8a06bb87ebab640320644ea38a45ab22ede371bfade35150576dbe5c4af3dd03","numParams":[{"iccid":"2","mnc":"2","requestType":"2","ci":"2","imsi":"2","mcc":"2","numList":[{"menuVersion":"20181226010134","ac":"2","f":"2","num":"60499105405","sign":"9326113dfd6d87626a12da1da461640ec53febc7cf9e5cf8aaca57c4ec4f4268","versionCode":"2010010101011","tc":"2","dt":"2","rc":"2","pubVersion":"20190327084537","areaCode":"GD","sg":"tsf","subVersion":"20190313115128","ec":"2"}],"cnum":"2","lac":"2"}],"timemills":1555039614282}
2019-04-12 11:26:54.191 INFO  TestCase.InsertData.NewPub_Identify - PublicRequestBody:{"p":"9b54a777998d9b73691e3ad6ac8063eff67f10c8fe9572da35e7620a0848d846","si":"ca8846c368d474c221a1914b76227324","x":"c5b92efde32b248c70a9b29c67b668181e08d3612aae0b8f988b289ad2f0de0b","ai":"2f5d5bdd2c4aa27ac6ebd17e7bc40ce8929b4f29191ba60a7e01e0d035538d47","net":"WIFI"}
2019-04-12 11:26:55.242 INFO  TestCase.InsertData.NewPub_Identify - 200
2019-04-12 11:26:55.242 INFO  TestCase.InsertData.NewPub_Identify - ResponseHeaders:{null:["HTTP/1.1 200 OK"],"content-length":["435"],"XY-RS-CODE":["1"],"crypt":["0"],"nz":["1"]}
2019-04-12 11:26:55.242 INFO  TestCase.InsertData.NewPub_Identify - ResponseBody:{"body":{"pubInfoList":[{"menuInfo":{"menuList":[{"menuCode":"01","menuName":"华为2全国1","menuType":"CALL","phoneNum":"123456"},{"menuCode":"02","menuName":"华为2全国2","menuType":"CALL","phoneNum":"123456"},{"menuCode":"03","menuName":"华为2全国2","menuType":"CALL","phoneNum":"123456"}],"menuModel":"1","menuVersion":"20190328111322","pubId":1139637630,"rid":7498631},"pubInfo":{"corpLevel":0,"pubName":"好欢螺","pubType":"电子商务-电商B2C;","pubTypeCode":"003003","pubVersion":"20190328132717","rid":7498631,"status":1,"versionCode":"20190328132717"},"pubNumList":[{"areaCode":"CN;","f":"1","identType":4,"num":"60499105405","pubId":1139637630,"rid":7498631,"sign":"9326113dfd6d87626a12da1da461640ec53febc7cf9e5cf8aaca57c4ec4f4268","status":1,"subVersion":20190328165153,"type":1}]}]},"desc":"OK_WITH_VALUE","status":2}
2019-04-12 11:27:02.404 INFO  TestCase.InsertData.NewPub_Identify - 插入数据1条
2019-04-12 12:15:55.354 INFO  com.xy.V2PubClass.V2TokenTest - --------------------getResponseBody--------------------
2019-04-12 12:15:55.369 INFO  com.xy.V2PubClass.V2TokenTest - url:http://sdkapiv2.bizport.cn/token
2019-04-12 12:15:55.463 INFO  com.xy.V2PubClass.V2TokenTest - RequestHeaders:{"uid":"64f2f9ea0a9b9d437143e89d7047aec670c2009f6eefea9c5ada3d2abde1cc4b","crypt":"2","tk":"","apiver":"2","User-Agent":"Dalvik/2.1.0 (Linux; U; Android 7.0.0; M6 Note Build/NRD90M)","sdkver":"201607011616","chan":"HUAWEI2","dp":"9e58dc8e0e6ffcc93c38ede2841e15b5","nz":"1","uiver":"201502020000"}
2019-04-12 12:15:55.463 INFO  com.xy.V2PubClass.V2TokenTest - RequestBody:{"p":"64f2f9ea0a9b9d437143e89d7047aec670c2009f6eefea9c5ada3d2abde1cc4b","x":"0991974bea709ac8d255ae967e2707d9c885515a6d1e7c8579cc6f43884c6ccc","ai":"2f5d5bdd2c4aa27ac6ebd17e7bc40ce8929b4f29191ba60a7e01e0d035538d47","timestamp":"1555042555463"}
2019-04-12 12:15:56.229 INFO  com.xy.V2PubClass.V2TokenTest - responseHeaders:{null:["HTTP/1.1 200 OK"],"XY-RS-CODE":["1"],"crypt":["1"],"Connection":["keep-alive"],"nz":["1"],"Content-Length":["768"],"Date":["Fri, 12 Apr 2019 04:15:59 GMT"]}
2019-04-12 12:15:56.260 INFO  com.xy.V2PubClass.V2TokenTest - responseBody:{"body":{"aeskey":"oFqlvqlqNnUUjfFIueZyqA==","apilist":[{"address":"sdkapiv2.bizport.cn","weight":10}],"expire":604800000,"iv":"EjRWeJCrze+pt8jW4/Ef/g==","token":"5t91NSZ7Vt84s386TDF2s86v28z42uhx0TAsyq6lr3v5+LjVJ1J2WWtb/igimK/quXYeEpNDxxt/Yy5AUrNw3WmB/Bo3XE1cFXU31N8C0tc="},"desc":"ok","status":1}
2019-04-12 12:15:56.291 INFO  TestCase.InsertData.NewPub_Identify - Url:http://192.168.101.214:8398/business/pubinfo/identify
2019-04-12 12:15:56.291 INFO  TestCase.InsertData.NewPub_Identify - --------------------testCase001_nz1_crypt3--------------------
2019-04-12 12:15:56.307 INFO  TestCase.InsertData.NewPub_Identify - RequestHeaders:{"uid":"64f2f9ea0a9b9d437143e89d7047aec670c2009f6eefea9c5ada3d2abde1cc4b","crypt":"3","tk":"5t91NSZ7Vt84s386TDF2s86v28z42uhx0TAsyq6lr3v5+LjVJ1J2WWtb/igimK/quXYeEpNDxxt/Yy5AUrNw3WmB/Bo3XE1cFXU31N8C0tc=","apiver":"2","User-Agent":"Dalvik/2.1.0 (Linux; U; Android 7.0.0; M6 Note Build/NRD90M)","sdkver":"201607011616","chan":"HUAWEI2","dp":"0831d617944f2fd667513f1030723d4a","nz":"1","uiver":"201502020000"}
2019-04-12 12:15:56.307 INFO  com.xy.onlineteam.sdkapi.util.TimeValidator - Windows 10
2019-04-12 12:15:56.307 INFO  TestCase.InsertData.NewPub_Identify - RequestBody:{"p":"8a06bb87ebab640320644ea38a45ab22ede371bfade35150576dbe5c4af3dd03","numParams":[{"iccid":"2","mnc":"2","requestType":"2","ci":"2","imsi":"2","mcc":"2","numList":[{"menuVersion":"20181226010134","ac":"2","f":"2","num":"60499105407","sign":"9326113dfd6d87626a12da1da461640ec53febc7cf9e5cf8aaca57c4ec4f4268","versionCode":"2010010101011","tc":"2","dt":"2","rc":"2","pubVersion":"20190327084537","areaCode":"GD","sg":"tsf","subVersion":"20190313115128","ec":"2"}],"cnum":"2","lac":"2"}],"timemills":1555042554282}
2019-04-12 12:15:56.307 INFO  TestCase.InsertData.NewPub_Identify - PublicRequestBody:{"p":"9b54a777998d9b73691e3ad6ac8063eff67f10c8fe9572da35e7620a0848d846","si":"f88a67773cd2707328eeea0d79ff3a78","x":"c5b92efde32b248c70a9b29c67b668181e08d3612aae0b8f988b289ad2f0de0b","ai":"2f5d5bdd2c4aa27ac6ebd17e7bc40ce8929b4f29191ba60a7e01e0d035538d47","net":"WIFI"}
2019-04-12 12:15:56.432 INFO  TestCase.InsertData.NewPub_Identify - 200
2019-04-12 12:15:56.432 INFO  TestCase.InsertData.NewPub_Identify - ResponseHeaders:{null:["HTTP/1.1 200 OK"],"content-length":["435"],"XY-RS-CODE":["1"],"crypt":["0"],"nz":["1"]}
2019-04-12 12:15:56.432 INFO  TestCase.InsertData.NewPub_Identify - ResponseBody:{"body":{"pubInfoList":[{"menuInfo":{"menuList":[{"menuCode":"01","menuName":"华为2全国1","menuType":"CALL","phoneNum":"123456"},{"menuCode":"02","menuName":"华为2全国2","menuType":"CALL","phoneNum":"123456"},{"menuCode":"03","menuName":"华为2全国2","menuType":"CALL","phoneNum":"123456"}],"menuModel":"1","menuVersion":"20190328111322","pubId":1139637632,"rid":7498631},"pubInfo":{"corpLevel":0,"pubName":"好欢螺","pubType":"电子商务-电商B2C;","pubTypeCode":"003003","pubVersion":"20190328132717","rid":7498631,"status":1,"versionCode":"20190328132717"},"pubNumList":[{"areaCode":"CN;","f":"1","identType":4,"num":"60499105407","pubId":1139637632,"rid":7498631,"sign":"9326113dfd6d87626a12da1da461640ec53febc7cf9e5cf8aaca57c4ec4f4268","status":1,"subVersion":20190328165153,"type":1}]}]},"desc":"OK_WITH_VALUE","status":2}
2019-04-12 12:15:56.979 INFO  TestCase.InsertData.NewPub_Identify - 插入数据1条
2019-04-12 12:23:43.273 INFO  com.xy.V2PubClass.V2TokenTest - --------------------getResponseBody--------------------
2019-04-12 12:23:43.289 INFO  com.xy.V2PubClass.V2TokenTest - url:http://sdkapiv2.bizport.cn/token
2019-04-12 12:23:43.414 INFO  com.xy.V2PubClass.V2TokenTest - RequestHeaders:{"uid":"64f2f9ea0a9b9d437143e89d7047aec670c2009f6eefea9c5ada3d2abde1cc4b","crypt":"2","tk":"","apiver":"2","User-Agent":"Dalvik/2.1.0 (Linux; U; Android 7.0.0; M6 Note Build/NRD90M)","sdkver":"201607011616","chan":"HUAWEI2","dp":"9e58dc8e0e6ffcc93c38ede2841e15b5","nz":"1","uiver":"201502020000"}
2019-04-12 12:23:43.414 INFO  com.xy.V2PubClass.V2TokenTest - RequestBody:{"p":"64f2f9ea0a9b9d437143e89d7047aec670c2009f6eefea9c5ada3d2abde1cc4b","x":"0991974bea709ac8d255ae967e2707d9c885515a6d1e7c8579cc6f43884c6ccc","ai":"2f5d5bdd2c4aa27ac6ebd17e7bc40ce8929b4f29191ba60a7e01e0d035538d47","timestamp":"1555043023414"}
2019-04-12 12:23:44.093 INFO  com.xy.V2PubClass.V2TokenTest - responseHeaders:{null:["HTTP/1.1 200 OK"],"XY-RS-CODE":["1"],"crypt":["1"],"Connection":["keep-alive"],"nz":["1"],"Content-Length":["768"],"Date":["Fri, 12 Apr 2019 04:23:47 GMT"]}
2019-04-12 12:23:44.109 INFO  com.xy.V2PubClass.V2TokenTest - responseBody:{"body":{"aeskey":"+osKZGVU3b6HfckNuUZeXA==","apilist":[{"address":"sdkapiv2.bizport.cn","weight":10}],"expire":604800000,"iv":"EjRWeJCrze+pt8jW4/Ef/g==","token":"/HnIKxpgWZia0eXFtDZY7kZiOvPAHu3fZhPMmWh+/Ds7dw5+zJK3w9TKYj3DvwN6+AfzUBhTH0DKAS0DiAWLKg/8YZo9sKzdqsHjgeQaze0="},"desc":"ok","status":1}
2019-04-12 12:23:44.140 INFO  TestCase.InsertData.NewPub_Identify - Url:http://192.168.101.214:8398/business/pubinfo/identify
2019-04-12 12:23:44.140 INFO  TestCase.InsertData.NewPub_Identify - --------------------testCase001_nz1_crypt3--------------------
2019-04-12 12:23:44.140 INFO  TestCase.InsertData.NewPub_Identify - RequestHeaders:{"uid":"64f2f9ea0a9b9d437143e89d7047aec670c2009f6eefea9c5ada3d2abde1cc4b","crypt":"3","tk":"/HnIKxpgWZia0eXFtDZY7kZiOvPAHu3fZhPMmWh+/Ds7dw5+zJK3w9TKYj3DvwN6+AfzUBhTH0DKAS0DiAWLKg/8YZo9sKzdqsHjgeQaze0=","apiver":"2","User-Agent":"Dalvik/2.1.0 (Linux; U; Android 7.0.0; M6 Note Build/NRD90M)","sdkver":"201607011616","chan":"HUAWEI2","dp":"0831d617944f2fd667513f1030723d4a","nz":"1","uiver":"201502020000"}
2019-04-12 12:23:44.140 INFO  com.xy.onlineteam.sdkapi.util.TimeValidator - Windows 10
2019-04-12 12:23:44.140 INFO  TestCase.InsertData.NewPub_Identify - RequestBody:{"p":"8a06bb87ebab640320644ea38a45ab22ede371bfade35150576dbe5c4af3dd03","numParams":[{"iccid":"2","mnc":"2","requestType":"2","ci":"2","imsi":"2","mcc":"2","numList":[{"menuVersion":"20181226010134","ac":"2","f":"2","num":"60499105407","versionCode":"2010010101011","tc":"2","dt":"2","rc":"2","pubVersion":"20190327084537","areaCode":"GD","sg":"tsf","subVersion":"20190313115128","ec":"2"}],"cnum":"2","lac":"2"}],"timemills":1555043024282}
2019-04-12 12:23:44.140 INFO  TestCase.InsertData.NewPub_Identify - PublicRequestBody:{"p":"9b54a777998d9b73691e3ad6ac8063eff67f10c8fe9572da35e7620a0848d846","si":"7d5d301bf4e01770e22280937fc1f66e","x":"c5b92efde32b248c70a9b29c67b668181e08d3612aae0b8f988b289ad2f0de0b","ai":"2f5d5bdd2c4aa27ac6ebd17e7bc40ce8929b4f29191ba60a7e01e0d035538d47","net":"WIFI"}
2019-04-12 12:23:44.515 INFO  TestCase.InsertData.NewPub_Identify - 200
2019-04-12 12:23:44.515 INFO  TestCase.InsertData.NewPub_Identify - ResponseHeaders:{null:["HTTP/1.1 200 OK"],"content-length":["366"],"XY-RS-CODE":["1"],"crypt":["0"],"nz":["1"]}
2019-04-12 12:23:44.515 INFO  TestCase.InsertData.NewPub_Identify - ResponseBody:{"body":{"pubInfoList":[{"menuInfo":{"menuList":[{"menuCode":"01","menuName":"华为2广东1","menuType":"CALL"},{"menuCode":"02","menuName":"华为2广东2","menuType":"CALL"},{"menuCode":"03","menuName":"华为2广东3","menuType":"CALL"}],"menuModel":"1","menuVersion":"20190329062322","pubId":1139637633,"rid":7751520},"pubInfo":{"corpLevel":0,"pubName":"好欢螺123456","pubType":"企业服务-其他;","pubTypeCode":"018010","pubVersion":"20190328233050","rid":7751520,"status":1,"versionCode":"20190328233050"},"pubNumList":[{"areaCode":"CN;","identType":2,"num":"60499105407","pubId":1139637633,"rid":7751520,"status":1,"subVersion":20190328233050,"type":1}]}]},"desc":"OK_WITH_VALUE","status":2}
2019-04-12 12:23:45.609 INFO  TestCase.InsertData.NewPub_Identify - 插入数据1条
