2019-04-30 11:21:48.488 INFO  TestCase.excuseTest.ExcuseOldPub - SELECT * FROM API_TESTCASE_TABLE WHERE APINAME='pubNumService' AND ENVIRONMENT='0' AND PROJECTNAME='旧企业资料'
2019-04-30 11:23:14.276 INFO  TestCase.excuseTest.ExcuseOldPub - SELECT * FROM API_TESTCASE_TABLE WHERE APINAME='pubNumService' AND ENVIRONMENT='0' AND PROJECTNAME='旧企业资料'
2019-04-30 11:24:53.154 INFO  TestCase.excuseTest.ExcuseOldPub - 测试地址:http://192.168.101.214:9998/pubNumService
2019-04-30 11:24:53.155 INFO  TestCase.excuseTest.ExcuseOldPub - 用例编号:50
2019-04-30 11:24:53.155 INFO  TestCase.excuseTest.ExcuseOldPub - 用例名称:企业屏蔽HUAWEI2HUAWEI3_请求MEIZU_正常返回
2019-04-30 11:24:53.155 INFO  TestCase.excuseTest.ExcuseOldPub - 请求头:{"uv":"139849a1c0f7e46f4af4882f63bc98cd8602835072470f34d355a81b648caa0c","compress":"1","app-key":"MEIZU","User-Agent":"Dalvik/2.1.0 (Linux; U; Android 7.0.0; M10 Build/NRD90M)","ai":"139849a1c0f7e46f4af4882f63bc98cd8602835072470f34d355a81b648caa0c","nz":"1","command":"1","usid":"666677778888","p":"139849a1c0f7e46f4af4882f63bc98cd8602835072470f34d355a81b648caa0c","uid":"139849a1c0f7e46f4af4882f63bc98cd8602835072470f34d355a81b648caa0c","sdkversion":"201509111430","xid":"139849a1c0f7e46f4af4882f63bc98cd8602835072470f34d355a81b648caa0c","app-key-sign":"Tc/pr7atXxGZUQ3v7KmLg68CS5l3sGnM5YaR8LdJ1+1RfoI65cAE2/9Sk7hTS6s22Ji1B9AREtE7U1KeGGZjvdzc5oVyjv72uVs0xzwZUBajtBLkgJaI4xtSQteyDmmh+pWFb8vmje6msmcAz0bTipAxE0RekQqWqlqxZ1LaRqw=","sceneType":"1","encrypt":"2","cmd":"990005","ni":"139849a1c0f7e46f4af4882f63bc98cd8602835072470f34d355a81b648caa0c","net":"wifi"}
2019-04-30 11:24:53.156 INFO  TestCase.excuseTest.ExcuseOldPub - 请求体:null
2019-04-30 11:24:53.168 INFO  TestCase.excuseTest.ExcuseOldPub - 测试地址:http://192.168.101.214:9998/pubNumService
2019-04-30 11:24:53.169 INFO  TestCase.excuseTest.ExcuseOldPub - 用例编号:51
2019-04-30 11:24:53.169 INFO  TestCase.excuseTest.ExcuseOldPub - 用例名称:企业屏蔽HUAWEI2HUAWEI3_请求MEIZU_正常返回
2019-04-30 11:24:53.169 INFO  TestCase.excuseTest.ExcuseOldPub - 请求头:{"uv":"139849a1c0f7e46f4af4882f63bc98cd8602835072470f34d355a81b648caa0c","compress":"1","app-key":"MEIZU","User-Agent":"Dalvik/2.1.0 (Linux; U; Android 7.0.0; M10 Build/NRD90M)","ai":"139849a1c0f7e46f4af4882f63bc98cd8602835072470f34d355a81b648caa0c","nz":"1","command":"1","usid":"666677778888","p":"139849a1c0f7e46f4af4882f63bc98cd8602835072470f34d355a81b648caa0c","uid":"139849a1c0f7e46f4af4882f63bc98cd8602835072470f34d355a81b648caa0c","sdkversion":"201509111430","xid":"139849a1c0f7e46f4af4882f63bc98cd8602835072470f34d355a81b648caa0c","app-key-sign":"Tc/pr7atXxGZUQ3v7KmLg68CS5l3sGnM5YaR8LdJ1+1RfoI65cAE2/9Sk7hTS6s22Ji1B9AREtE7U1KeGGZjvdzc5oVyjv72uVs0xzwZUBajtBLkgJaI4xtSQteyDmmh+pWFb8vmje6msmcAz0bTipAxE0RekQqWqlqxZ1LaRqw=","sceneType":"1","encrypt":"2","cmd":"990005","ni":"139849a1c0f7e46f4af4882f63bc98cd8602835072470f34d355a81b648caa0c","net":"wifi"}
2019-04-30 11:24:53.169 INFO  TestCase.excuseTest.ExcuseOldPub - 请求体:null
2019-04-30 11:24:53.177 INFO  TestCase.excuseTest.ExcuseOldPub - 测试地址:http://192.168.101.214:9998/pubNumService
2019-04-30 11:24:53.178 INFO  TestCase.excuseTest.ExcuseOldPub - 用例编号:52
2019-04-30 11:24:53.178 INFO  TestCase.excuseTest.ExcuseOldPub - 用例名称:企业屏蔽HUAWEI2HUAWEI3_请求HUAWEI_正常返回
2019-04-30 11:24:53.178 INFO  TestCase.excuseTest.ExcuseOldPub - 请求头:{"uv":"139849a1c0f7e46f4af4882f63bc98cd8602835072470f34d355a81b648caa0c","compress":"1","app-key":"HUAWEI","User-Agent":"Dalvik/2.1.0 (Linux; U; Android 7.0.0; M10 Build/NRD90M)","ai":"139849a1c0f7e46f4af4882f63bc98cd8602835072470f34d355a81b648caa0c","nz":"1","command":"1","usid":"666677778888","p":"139849a1c0f7e46f4af4882f63bc98cd8602835072470f34d355a81b648caa0c","uid":"139849a1c0f7e46f4af4882f63bc98cd8602835072470f34d355a81b648caa0c","sdkversion":"201509111430","xid":"139849a1c0f7e46f4af4882f63bc98cd8602835072470f34d355a81b648caa0c","app-key-sign":"D5CzG9BTTKqmjNeG4ImUYh9EHHkabCJJ8DYyYswYA7FRBwNzVO1N3uorVSn6vAWv4la88LlMKzJMIhpF3rJObfFhrNjo2/rQYCw1YE2qHlZFPt5q9XFsUC5pappCynVcRt/dkvaBLHtXQkmtU5SL5Gppoy01Jm/tuQ/oX36ThZc=","sceneType":"1","encrypt":"2","cmd":"990005","ni":"139849a1c0f7e46f4af4882f63bc98cd8602835072470f34d355a81b648caa0c","net":"wifi"}
2019-04-30 11:24:53.178 INFO  TestCase.excuseTest.ExcuseOldPub - 请求体:null
2019-04-30 11:24:53.182 INFO  TestCase.excuseTest.ExcuseOldPub - 测试地址:http://192.168.101.214:9998/pubNumService
2019-04-30 11:24:53.182 INFO  TestCase.excuseTest.ExcuseOldPub - 用例编号:53
2019-04-30 11:24:53.182 INFO  TestCase.excuseTest.ExcuseOldPub - 用例名称:企业屏蔽HUAWEI2HUAWEI3_请求HUAWEI_正常返回
2019-04-30 11:24:53.182 INFO  TestCase.excuseTest.ExcuseOldPub - 请求头:{"uv":"139849a1c0f7e46f4af4882f63bc98cd8602835072470f34d355a81b648caa0c","compress":"1","app-key":"HUAWEI","User-Agent":"Dalvik/2.1.0 (Linux; U; Android 7.0.0; M10 Build/NRD90M)","ai":"139849a1c0f7e46f4af4882f63bc98cd8602835072470f34d355a81b648caa0c","nz":"1","command":"1","usid":"666677778888","p":"139849a1c0f7e46f4af4882f63bc98cd8602835072470f34d355a81b648caa0c","uid":"139849a1c0f7e46f4af4882f63bc98cd8602835072470f34d355a81b648caa0c","sdkversion":"201509111430","xid":"139849a1c0f7e46f4af4882f63bc98cd8602835072470f34d355a81b648caa0c","app-key-sign":"D5CzG9BTTKqmjNeG4ImUYh9EHHkabCJJ8DYyYswYA7FRBwNzVO1N3uorVSn6vAWv4la88LlMKzJMIhpF3rJObfFhrNjo2/rQYCw1YE2qHlZFPt5q9XFsUC5pappCynVcRt/dkvaBLHtXQkmtU5SL5Gppoy01Jm/tuQ/oX36ThZc=","sceneType":"1","encrypt":"2","cmd":"990005","ni":"139849a1c0f7e46f4af4882f63bc98cd8602835072470f34d355a81b648caa0c","net":"wifi"}
2019-04-30 11:24:53.182 INFO  TestCase.excuseTest.ExcuseOldPub - 请求体:null
2019-04-30 11:24:53.185 INFO  TestCase.excuseTest.ExcuseOldPub - 测试地址:http://192.168.101.214:9998/pubNumService
2019-04-30 11:24:53.185 INFO  TestCase.excuseTest.ExcuseOldPub - 用例编号:54
2019-04-30 11:24:53.186 INFO  TestCase.excuseTest.ExcuseOldPub - 用例名称:企业屏蔽HUAWEI2HUAWEI3_请求HUAWEI2_无数据返回
2019-04-30 11:24:53.186 INFO  TestCase.excuseTest.ExcuseOldPub - 请求头:{"uv":"139849a1c0f7e46f4af4882f63bc98cd8602835072470f34d355a81b648caa0c","compress":"1","app-key":"HUAWEI2","User-Agent":"Dalvik/2.1.0 (Linux; U; Android 7.0.0; M10 Build/NRD90M)","ai":"139849a1c0f7e46f4af4882f63bc98cd8602835072470f34d355a81b648caa0c","nz":"1","command":"1","usid":"666677778888","p":"139849a1c0f7e46f4af4882f63bc98cd8602835072470f34d355a81b648caa0c","uid":"139849a1c0f7e46f4af4882f63bc98cd8602835072470f34d355a81b648caa0c","sdkversion":"201509111430","xid":"139849a1c0f7e46f4af4882f63bc98cd8602835072470f34d355a81b648caa0c","app-key-sign":"bBtw9+nc1fXNhzjQUzTqcO6GXnrOcbzd34qiuAOXqqvYI1Ve94uPpUC5qgZfsWzQBjEmmP4eFgwOa6FRoBrSuHoeozjieS5XtZE497nURkCetCoKPhNf23QtuVhDhmhIVq/6a2bdedPJHp1PoOP7VIjOhHDF74OEXKXBBcmedQ8=","sceneType":"1","encrypt":"2","cmd":"990005","ni":"139849a1c0f7e46f4af4882f63bc98cd8602835072470f34d355a81b648caa0c","net":"wifi"}
2019-04-30 11:24:53.186 INFO  TestCase.excuseTest.ExcuseOldPub - 请求体:null
2019-04-30 11:24:53.188 INFO  TestCase.excuseTest.ExcuseOldPub - 测试地址:http://192.168.101.214:9998/pubNumService
2019-04-30 11:24:53.188 INFO  TestCase.excuseTest.ExcuseOldPub - 用例编号:55
2019-04-30 11:24:53.188 INFO  TestCase.excuseTest.ExcuseOldPub - 用例名称:企业屏蔽HUAWEI2HUAWEI3_请求HUAWEI3_无数据返回
2019-04-30 11:24:53.189 INFO  TestCase.excuseTest.ExcuseOldPub - 请求头:{"uv":"139849a1c0f7e46f4af4882f63bc98cd8602835072470f34d355a81b648caa0c","compress":"1","app-key":"HUAWEI3","User-Agent":"Dalvik/2.1.0 (Linux; U; Android 7.0.0; M10 Build/NRD90M)","ai":"139849a1c0f7e46f4af4882f63bc98cd8602835072470f34d355a81b648caa0c","nz":"1","command":"1","usid":"666677778888","p":"139849a1c0f7e46f4af4882f63bc98cd8602835072470f34d355a81b648caa0c","uid":"139849a1c0f7e46f4af4882f63bc98cd8602835072470f34d355a81b648caa0c","sdkversion":"201509111430","xid":"139849a1c0f7e46f4af4882f63bc98cd8602835072470f34d355a81b648caa0c","app-key-sign":"0vnaJfrpjhawwZK+5GB+vuf1sKdAmXssp/XQJgVucrXBSjMxj53sQ7EPsNxNae71rIPcZq9k+pHVCiBXemRNAR4a4MUAtmhxcVYgCCiDBB7h9+LZB90O7SHcrvBAgJgbY4qJ9pAk+gIQUbev4aGP2UFOayXHtY53MVtxHQagE9Q=","sceneType":"1","encrypt":"2","cmd":"990005","ni":"139849a1c0f7e46f4af4882f63bc98cd8602835072470f34d355a81b648caa0c","net":"wifi"}
2019-04-30 11:24:53.189 INFO  TestCase.excuseTest.ExcuseOldPub - 请求体:null
2019-04-30 11:24:53.191 INFO  TestCase.excuseTest.ExcuseOldPub - 测试地址:http://192.168.101.214:9998/pubNumService
2019-04-30 11:24:53.192 INFO  TestCase.excuseTest.ExcuseOldPub - 用例编号:56
2019-04-30 11:24:53.192 INFO  TestCase.excuseTest.ExcuseOldPub - 用例名称:企业屏蔽HUAWEI2HUAWEI3_请求HUAWEI3_无数据返回
2019-04-30 11:24:53.192 INFO  TestCase.excuseTest.ExcuseOldPub - 请求头:{"uv":"139849a1c0f7e46f4af4882f63bc98cd8602835072470f34d355a81b648caa0c","compress":"1","app-key":"HUAWEI3","User-Agent":"Dalvik/2.1.0 (Linux; U; Android 7.0.0; M10 Build/NRD90M)","ai":"139849a1c0f7e46f4af4882f63bc98cd8602835072470f34d355a81b648caa0c","nz":"1","command":"1","usid":"666677778888","p":"139849a1c0f7e46f4af4882f63bc98cd8602835072470f34d355a81b648caa0c","uid":"139849a1c0f7e46f4af4882f63bc98cd8602835072470f34d355a81b648caa0c","sdkversion":"201509111430","xid":"139849a1c0f7e46f4af4882f63bc98cd8602835072470f34d355a81b648caa0c","app-key-sign":"0vnaJfrpjhawwZK+5GB+vuf1sKdAmXssp/XQJgVucrXBSjMxj53sQ7EPsNxNae71rIPcZq9k+pHVCiBXemRNAR4a4MUAtmhxcVYgCCiDBB7h9+LZB90O7SHcrvBAgJgbY4qJ9pAk+gIQUbev4aGP2UFOayXHtY53MVtxHQagE9Q=","sceneType":"1","encrypt":"2","cmd":"990005","ni":"139849a1c0f7e46f4af4882f63bc98cd8602835072470f34d355a81b648caa0c","net":"wifi"}
2019-04-30 11:24:53.192 INFO  TestCase.excuseTest.ExcuseOldPub - 请求体:null
2019-04-30 11:24:53.194 INFO  TestCase.excuseTest.ExcuseOldPub - 测试地址:http://192.168.101.214:9998/pubNumService
2019-04-30 11:24:53.194 INFO  TestCase.excuseTest.ExcuseOldPub - 用例编号:57
2019-04-30 11:24:53.194 INFO  TestCase.excuseTest.ExcuseOldPub - 用例名称:企业屏蔽HUAWEI2HUAWEI3_请求HUAWEI2_无数据返回
2019-04-30 11:24:53.195 INFO  TestCase.excuseTest.ExcuseOldPub - 请求头:{"uv":"139849a1c0f7e46f4af4882f63bc98cd8602835072470f34d355a81b648caa0c","compress":"1","app-key":"HUAWEI2","User-Agent":"Dalvik/2.1.0 (Linux; U; Android 7.0.0; M10 Build/NRD90M)","ai":"139849a1c0f7e46f4af4882f63bc98cd8602835072470f34d355a81b648caa0c","nz":"1","command":"1","usid":"666677778888","p":"139849a1c0f7e46f4af4882f63bc98cd8602835072470f34d355a81b648caa0c","uid":"139849a1c0f7e46f4af4882f63bc98cd8602835072470f34d355a81b648caa0c","sdkversion":"201509111430","xid":"139849a1c0f7e46f4af4882f63bc98cd8602835072470f34d355a81b648caa0c","app-key-sign":"bBtw9+nc1fXNhzjQUzTqcO6GXnrOcbzd34qiuAOXqqvYI1Ve94uPpUC5qgZfsWzQBjEmmP4eFgwOa6FRoBrSuHoeozjieS5XtZE497nURkCetCoKPhNf23QtuVhDhmhIVq/6a2bdedPJHp1PoOP7VIjOhHDF74OEXKXBBcmedQ8=","sceneType":"1","encrypt":"2","cmd":"990005","ni":"139849a1c0f7e46f4af4882f63bc98cd8602835072470f34d355a81b648caa0c","net":"wifi"}
2019-04-30 11:24:53.195 INFO  TestCase.excuseTest.ExcuseOldPub - 请求体:null
2019-04-30 11:24:53.198 INFO  TestCase.excuseTest.ExcuseOldPub - 测试地址:http://192.168.101.214:9998/pubNumService
2019-04-30 11:24:53.198 INFO  TestCase.excuseTest.ExcuseOldPub - 用例编号:58
2019-04-30 11:24:53.198 INFO  TestCase.excuseTest.ExcuseOldPub - 用例名称:企业支持HUAWEI2HUAWEI3_请求HUAWEI2_正常返回
2019-04-30 11:24:53.198 INFO  TestCase.excuseTest.ExcuseOldPub - 请求头:{"uv":"139849a1c0f7e46f4af4882f63bc98cd8602835072470f34d355a81b648caa0c","compress":"1","app-key":"HUAWEI2","User-Agent":"Dalvik/2.1.0 (Linux; U; Android 7.0.0; M10 Build/NRD90M)","ai":"139849a1c0f7e46f4af4882f63bc98cd8602835072470f34d355a81b648caa0c","nz":"1","command":"1","usid":"666677778888","p":"139849a1c0f7e46f4af4882f63bc98cd8602835072470f34d355a81b648caa0c","uid":"139849a1c0f7e46f4af4882f63bc98cd8602835072470f34d355a81b648caa0c","sdkversion":"201509111430","xid":"139849a1c0f7e46f4af4882f63bc98cd8602835072470f34d355a81b648caa0c","app-key-sign":"bBtw9+nc1fXNhzjQUzTqcO6GXnrOcbzd34qiuAOXqqvYI1Ve94uPpUC5qgZfsWzQBjEmmP4eFgwOa6FRoBrSuHoeozjieS5XtZE497nURkCetCoKPhNf23QtuVhDhmhIVq/6a2bdedPJHp1PoOP7VIjOhHDF74OEXKXBBcmedQ8=","sceneType":"1","encrypt":"2","cmd":"990005","ni":"139849a1c0f7e46f4af4882f63bc98cd8602835072470f34d355a81b648caa0c","net":"wifi"}
2019-04-30 11:24:53.198 INFO  TestCase.excuseTest.ExcuseOldPub - 请求体:null
2019-04-30 11:24:53.202 INFO  TestCase.excuseTest.ExcuseOldPub - 测试地址:http://192.168.101.214:9998/pubNumService
2019-04-30 11:24:53.202 INFO  TestCase.excuseTest.ExcuseOldPub - 用例编号:60
2019-04-30 11:24:53.202 INFO  TestCase.excuseTest.ExcuseOldPub - 用例名称:企业支持HUAWEI2HUAWEI3_请求HUAWEI3_正常返回
2019-04-30 11:24:53.202 INFO  TestCase.excuseTest.ExcuseOldPub - 请求头:{"uv":"139849a1c0f7e46f4af4882f63bc98cd8602835072470f34d355a81b648caa0c","compress":"1","app-key":"HUAWEI3","User-Agent":"Dalvik/2.1.0 (Linux; U; Android 7.0.0; M10 Build/NRD90M)","ai":"139849a1c0f7e46f4af4882f63bc98cd8602835072470f34d355a81b648caa0c","nz":"1","command":"1","usid":"666677778888","p":"139849a1c0f7e46f4af4882f63bc98cd8602835072470f34d355a81b648caa0c","uid":"139849a1c0f7e46f4af4882f63bc98cd8602835072470f34d355a81b648caa0c","sdkversion":"201509111430","xid":"139849a1c0f7e46f4af4882f63bc98cd8602835072470f34d355a81b648caa0c","app-key-sign":"0vnaJfrpjhawwZK+5GB+vuf1sKdAmXssp/XQJgVucrXBSjMxj53sQ7EPsNxNae71rIPcZq9k+pHVCiBXemRNAR4a4MUAtmhxcVYgCCiDBB7h9+LZB90O7SHcrvBAgJgbY4qJ9pAk+gIQUbev4aGP2UFOayXHtY53MVtxHQagE9Q=","sceneType":"1","encrypt":"2","cmd":"990005","ni":"139849a1c0f7e46f4af4882f63bc98cd8602835072470f34d355a81b648caa0c","net":"wifi"}
2019-04-30 11:24:53.202 INFO  TestCase.excuseTest.ExcuseOldPub - 请求体:null
2019-04-30 11:24:53.205 INFO  TestCase.excuseTest.ExcuseOldPub - 测试地址:http://192.168.101.214:9998/pubNumService
2019-04-30 11:24:53.205 INFO  TestCase.excuseTest.ExcuseOldPub - 用例编号:61
2019-04-30 11:24:53.205 INFO  TestCase.excuseTest.ExcuseOldPub - 用例名称:企业支持HUAWEI2HUAWEI3_请求HUAWEI2_正常返回
2019-04-30 11:24:53.205 INFO  TestCase.excuseTest.ExcuseOldPub - 请求头:{"uv":"139849a1c0f7e46f4af4882f63bc98cd8602835072470f34d355a81b648caa0c","compress":"1","app-key":"HUAWEI2","User-Agent":"Dalvik/2.1.0 (Linux; U; Android 7.0.0; M10 Build/NRD90M)","ai":"139849a1c0f7e46f4af4882f63bc98cd8602835072470f34d355a81b648caa0c","nz":"1","command":"1","usid":"666677778888","p":"139849a1c0f7e46f4af4882f63bc98cd8602835072470f34d355a81b648caa0c","uid":"139849a1c0f7e46f4af4882f63bc98cd8602835072470f34d355a81b648caa0c","sdkversion":"201509111430","xid":"139849a1c0f7e46f4af4882f63bc98cd8602835072470f34d355a81b648caa0c","app-key-sign":"bBtw9+nc1fXNhzjQUzTqcO6GXnrOcbzd34qiuAOXqqvYI1Ve94uPpUC5qgZfsWzQBjEmmP4eFgwOa6FRoBrSuHoeozjieS5XtZE497nURkCetCoKPhNf23QtuVhDhmhIVq/6a2bdedPJHp1PoOP7VIjOhHDF74OEXKXBBcmedQ8=","sceneType":"1","encrypt":"2","cmd":"990005","ni":"139849a1c0f7e46f4af4882f63bc98cd8602835072470f34d355a81b648caa0c","net":"wifi"}
2019-04-30 11:24:53.205 INFO  TestCase.excuseTest.ExcuseOldPub - 请求体:null
2019-04-30 11:24:53.207 INFO  TestCase.excuseTest.ExcuseOldPub - 测试地址:http://192.168.101.214:9998/pubNumService
2019-04-30 11:24:53.207 INFO  TestCase.excuseTest.ExcuseOldPub - 用例编号:62
2019-04-30 11:24:53.207 INFO  TestCase.excuseTest.ExcuseOldPub - 用例名称:企业支持HUAWEI2HUAWEI3_请求HUAWEI3_正常返回
2019-04-30 11:24:53.207 INFO  TestCase.excuseTest.ExcuseOldPub - 请求头:{"uv":"139849a1c0f7e46f4af4882f63bc98cd8602835072470f34d355a81b648caa0c","compress":"1","app-key":"HUAWEI3","User-Agent":"Dalvik/2.1.0 (Linux; U; Android 7.0.0; M10 Build/NRD90M)","ai":"139849a1c0f7e46f4af4882f63bc98cd8602835072470f34d355a81b648caa0c","nz":"1","command":"1","usid":"666677778888","p":"139849a1c0f7e46f4af4882f63bc98cd8602835072470f34d355a81b648caa0c","uid":"139849a1c0f7e46f4af4882f63bc98cd8602835072470f34d355a81b648caa0c","sdkversion":"201509111430","xid":"139849a1c0f7e46f4af4882f63bc98cd8602835072470f34d355a81b648caa0c","app-key-sign":"0vnaJfrpjhawwZK+5GB+vuf1sKdAmXssp/XQJgVucrXBSjMxj53sQ7EPsNxNae71rIPcZq9k+pHVCiBXemRNAR4a4MUAtmhxcVYgCCiDBB7h9+LZB90O7SHcrvBAgJgbY4qJ9pAk+gIQUbev4aGP2UFOayXHtY53MVtxHQagE9Q=","sceneType":"1","encrypt":"2","cmd":"990005","ni":"139849a1c0f7e46f4af4882f63bc98cd8602835072470f34d355a81b648caa0c","net":"wifi"}
2019-04-30 11:24:53.207 INFO  TestCase.excuseTest.ExcuseOldPub - 请求体:null
2019-04-30 11:24:53.208 INFO  TestCase.excuseTest.ExcuseOldPub - 测试地址:http://192.168.101.214:9998/pubNumService
2019-04-30 11:24:53.208 INFO  TestCase.excuseTest.ExcuseOldPub - 用例编号:63
2019-04-30 11:24:53.209 INFO  TestCase.excuseTest.ExcuseOldPub - 用例名称:企业支持HUAWEI2HUAWEI3_请求HUAWEI_无数据返回
2019-04-30 11:24:53.209 INFO  TestCase.excuseTest.ExcuseOldPub - 请求头:{"uv":"139849a1c0f7e46f4af4882f63bc98cd8602835072470f34d355a81b648caa0c","compress":"1","app-key":"HUAWEI","User-Agent":"Dalvik/2.1.0 (Linux; U; Android 7.0.0; M10 Build/NRD90M)","ai":"139849a1c0f7e46f4af4882f63bc98cd8602835072470f34d355a81b648caa0c","nz":"1","command":"1","usid":"666677778888","p":"139849a1c0f7e46f4af4882f63bc98cd8602835072470f34d355a81b648caa0c","uid":"139849a1c0f7e46f4af4882f63bc98cd8602835072470f34d355a81b648caa0c","sdkversion":"201509111430","xid":"139849a1c0f7e46f4af4882f63bc98cd8602835072470f34d355a81b648caa0c","app-key-sign":"D5CzG9BTTKqmjNeG4ImUYh9EHHkabCJJ8DYyYswYA7FRBwNzVO1N3uorVSn6vAWv4la88LlMKzJMIhpF3rJObfFhrNjo2/rQYCw1YE2qHlZFPt5q9XFsUC5pappCynVcRt/dkvaBLHtXQkmtU5SL5Gppoy01Jm/tuQ/oX36ThZc=","sceneType":"1","encrypt":"2","cmd":"990005","ni":"139849a1c0f7e46f4af4882f63bc98cd8602835072470f34d355a81b648caa0c","net":"wifi"}
2019-04-30 11:24:53.209 INFO  TestCase.excuseTest.ExcuseOldPub - 请求体:null
2019-04-30 11:24:53.210 INFO  TestCase.excuseTest.ExcuseOldPub - 测试地址:http://192.168.101.214:9998/pubNumService
2019-04-30 11:24:53.211 INFO  TestCase.excuseTest.ExcuseOldPub - 用例编号:64
2019-04-30 11:24:53.211 INFO  TestCase.excuseTest.ExcuseOldPub - 用例名称:企业支持HUAWEI2HUAWEI3_请求MEIZU_无数据返回
2019-04-30 11:24:53.211 INFO  TestCase.excuseTest.ExcuseOldPub - 请求头:{"uv":"139849a1c0f7e46f4af4882f63bc98cd8602835072470f34d355a81b648caa0c","compress":"1","app-key":"MEIZU","User-Agent":"Dalvik/2.1.0 (Linux; U; Android 7.0.0; M10 Build/NRD90M)","ai":"139849a1c0f7e46f4af4882f63bc98cd8602835072470f34d355a81b648caa0c","nz":"1","command":"1","usid":"666677778888","p":"139849a1c0f7e46f4af4882f63bc98cd8602835072470f34d355a81b648caa0c","uid":"139849a1c0f7e46f4af4882f63bc98cd8602835072470f34d355a81b648caa0c","sdkversion":"201509111430","xid":"139849a1c0f7e46f4af4882f63bc98cd8602835072470f34d355a81b648caa0c","app-key-sign":"Tc/pr7atXxGZUQ3v7KmLg68CS5l3sGnM5YaR8LdJ1+1RfoI65cAE2/9Sk7hTS6s22Ji1B9AREtE7U1KeGGZjvdzc5oVyjv72uVs0xzwZUBajtBLkgJaI4xtSQteyDmmh+pWFb8vmje6msmcAz0bTipAxE0RekQqWqlqxZ1LaRqw=","sceneType":"1","encrypt":"2","cmd":"990005","ni":"139849a1c0f7e46f4af4882f63bc98cd8602835072470f34d355a81b648caa0c","net":"wifi"}
2019-04-30 11:24:53.211 INFO  TestCase.excuseTest.ExcuseOldPub - 请求体:null
2019-04-30 11:24:53.213 INFO  TestCase.excuseTest.ExcuseOldPub - 测试地址:http://192.168.101.214:9998/pubNumService
2019-04-30 11:24:53.213 INFO  TestCase.excuseTest.ExcuseOldPub - 用例编号:65
2019-04-30 11:24:53.213 INFO  TestCase.excuseTest.ExcuseOldPub - 用例名称:企业支持HUAWEI2HUAWEI3_请求MEIZU_无数据返回
2019-04-30 11:24:53.213 INFO  TestCase.excuseTest.ExcuseOldPub - 请求头:{"uv":"139849a1c0f7e46f4af4882f63bc98cd8602835072470f34d355a81b648caa0c","compress":"1","app-key":"MEIZU","User-Agent":"Dalvik/2.1.0 (Linux; U; Android 7.0.0; M10 Build/NRD90M)","ai":"139849a1c0f7e46f4af4882f63bc98cd8602835072470f34d355a81b648caa0c","nz":"1","command":"1","usid":"666677778888","p":"139849a1c0f7e46f4af4882f63bc98cd8602835072470f34d355a81b648caa0c","uid":"139849a1c0f7e46f4af4882f63bc98cd8602835072470f34d355a81b648caa0c","sdkversion":"201509111430","xid":"139849a1c0f7e46f4af4882f63bc98cd8602835072470f34d355a81b648caa0c","app-key-sign":"Tc/pr7atXxGZUQ3v7KmLg68CS5l3sGnM5YaR8LdJ1+1RfoI65cAE2/9Sk7hTS6s22Ji1B9AREtE7U1KeGGZjvdzc5oVyjv72uVs0xzwZUBajtBLkgJaI4xtSQteyDmmh+pWFb8vmje6msmcAz0bTipAxE0RekQqWqlqxZ1LaRqw=","sceneType":"1","encrypt":"2","cmd":"990005","ni":"139849a1c0f7e46f4af4882f63bc98cd8602835072470f34d355a81b648caa0c","net":"wifi"}
2019-04-30 11:24:53.214 INFO  TestCase.excuseTest.ExcuseOldPub - 请求体:null
2019-04-30 11:24:53.219 INFO  TestCase.excuseTest.ExcuseOldPub - 测试地址:http://192.168.101.214:9998/pubNumService
2019-04-30 11:24:53.219 INFO  TestCase.excuseTest.ExcuseOldPub - 用例编号:66
2019-04-30 11:24:53.220 INFO  TestCase.excuseTest.ExcuseOldPub - 用例名称:企业支持HUAWEI2HUAWEI3_请求HUAWEI_无数据返回
2019-04-30 11:24:53.220 INFO  TestCase.excuseTest.ExcuseOldPub - 请求头:{"uv":"139849a1c0f7e46f4af4882f63bc98cd8602835072470f34d355a81b648caa0c","compress":"1","app-key":"HUAWEI","User-Agent":"Dalvik/2.1.0 (Linux; U; Android 7.0.0; M10 Build/NRD90M)","ai":"139849a1c0f7e46f4af4882f63bc98cd8602835072470f34d355a81b648caa0c","nz":"1","command":"1","usid":"666677778888","p":"139849a1c0f7e46f4af4882f63bc98cd8602835072470f34d355a81b648caa0c","uid":"139849a1c0f7e46f4af4882f63bc98cd8602835072470f34d355a81b648caa0c","sdkversion":"201509111430","xid":"139849a1c0f7e46f4af4882f63bc98cd8602835072470f34d355a81b648caa0c","app-key-sign":"D5CzG9BTTKqmjNeG4ImUYh9EHHkabCJJ8DYyYswYA7FRBwNzVO1N3uorVSn6vAWv4la88LlMKzJMIhpF3rJObfFhrNjo2/rQYCw1YE2qHlZFPt5q9XFsUC5pappCynVcRt/dkvaBLHtXQkmtU5SL5Gppoy01Jm/tuQ/oX36ThZc=","sceneType":"1","encrypt":"2","cmd":"990005","ni":"139849a1c0f7e46f4af4882f63bc98cd8602835072470f34d355a81b648caa0c","net":"wifi"}
2019-04-30 11:24:53.220 INFO  TestCase.excuseTest.ExcuseOldPub - 请求体:null
