2018-11-12 15:50:15.551 INFO  SMARTISAN.V2PhoneUpdateTest - Url:https://preprod.mfexcel.com:9002/life/phone/update
2018-11-12 15:50:15.629 INFO  SMARTISAN.V2PhoneUpdateTest - RequestHeaders:{"crypt":"3","tk":"9hDuUlaab4MqlWnBmTgxkRuhpI3GXXRrUn8JVlPraxAx30C/+wVCtHv3yDWzNmHnIRLgC9DNMmWJcLWk1QzWsJ2P9f5e1Y1F5FWYFBLyI/g=","apiver":"2","sdkver":"201502020000","chan":"SMARTISANPHONE2","dp":"6ba94d3ea21cd5b6333ffd4fe1f31006","nz":"1","uiver":"201502020000"}
2018-11-12 15:50:15.644 INFO  SMARTISAN.V2PhoneUpdateTest - --------------------testcase001--------------------
2018-11-12 15:50:15.644 INFO  SMARTISAN.V2PhoneUpdateTest - RequestBody:{"updateList":[{"dataVersion":"0","dataType":"1"}]}
2018-11-12 15:50:15.644 INFO  SMARTISAN.V2PhoneUpdateTest - PublicRequestBody:{"p":"0991974bea709ac8d255ae967e2707d9c885515a6d1e7c8579cc6f43884c6ccc","si":"2f0019b695e6f12cd02e75a30e353373","x":"c5b92efde32b248c70a9b29c67b668181e08d3612aae0b8f988b289ad2f0de0b","ai":"2f5d5bdd2c4aa27ac6ebd17e7bc40ce8929b4f29191ba60a7e01e0d035538d47","net":"WIFI"}
2018-11-12 15:50:16.331 INFO  SMARTISAN.V2PhoneUpdateTest - ResponseHeaders:{null:["HTTP/1.1 200 OK"],"Server":["openresty"],"crypt":["0"],"Connection":["keep-alive"],"nz":["1"],"Content-Length":["53"],"Date":["Mon, 12 Nov 2018 07:50:15 GMT"]}
2018-11-12 15:50:16.331 INFO  SMARTISAN.V2PhoneUpdateTest - ResponseBody:{"desc":"OK_NO_VALUE","status":3}
2018-11-12 15:50:16.331 INFO  SMARTISAN.V2PhoneUpdateTest - 耗时:141
2018-11-12 16:01:31.737 INFO  SMARTISAN.V2PhoneUpdateTest - Url:https://preprod.mfexcel.com:9002/life/phone/update
2018-11-12 16:01:31.806 INFO  SMARTISAN.V2PhoneUpdateTest - RequestHeaders:{"crypt":"3","tk":"9hDuUlaab4MqlWnBmTgxkRuhpI3GXXRrUn8JVlPraxAx30C/+wVCtHv3yDWzNmHnIRLgC9DNMmWJcLWk1QzWsJ2P9f5e1Y1F5FWYFBLyI/g=","apiver":"2","sdkver":"201502020000","chan":"SMARTISANPHONE2","dp":"6ba94d3ea21cd5b6333ffd4fe1f31006","nz":"1","uiver":"201502020000"}
2018-11-12 16:01:31.809 INFO  SMARTISAN.V2PhoneUpdateTest - --------------------testcase001--------------------
2018-11-12 16:01:31.811 INFO  SMARTISAN.V2PhoneUpdateTest - RequestBody:{"updateList":[{"dataVersion":"0","dataType":"1"}]}
2018-11-12 16:01:31.819 INFO  SMARTISAN.V2PhoneUpdateTest - PublicRequestBody:{"p":"0991974bea709ac8d255ae967e2707d9c885515a6d1e7c8579cc6f43884c6ccc","si":"2f0019b695e6f12cd02e75a30e353373","x":"c5b92efde32b248c70a9b29c67b668181e08d3612aae0b8f988b289ad2f0de0b","ai":"2f5d5bdd2c4aa27ac6ebd17e7bc40ce8929b4f29191ba60a7e01e0d035538d47","net":"WIFI"}
2018-11-12 16:01:32.469 INFO  SMARTISAN.V2PhoneUpdateTest - ResponseHeaders:{null:["HTTP/1.1 200 OK"],"Server":["openresty"],"crypt":["0"],"Connection":["keep-alive"],"nz":["1"],"Content-Length":["53"],"Date":["Mon, 12 Nov 2018 08:01:31 GMT"]}
2018-11-12 16:01:32.472 INFO  SMARTISAN.V2PhoneUpdateTest - ResponseBody:{"desc":"OK_NO_VALUE","status":3}
2018-11-12 16:01:32.472 INFO  SMARTISAN.V2PhoneUpdateTest - 耗时:171
2018-11-12 16:08:19.258 INFO  SMARTISAN.V2PhoneInfoTest - Url:https://preprod.mfexcel.com:9002/life/phone/info
2018-11-12 16:08:19.326 INFO  SMARTISAN.V2PhoneInfoTest - RequestHeaders:{"crypt":"3","tk":"9hDuUlaab4MqlWnBmTgxkRuhpI3GXXRrUn8JVlPraxAx30C/+wVCtHv3yDWzNmHnIRLgC9DNMmWJcLWk1QzWsJ2P9f5e1Y1F5FWYFBLyI/g=","apiver":"2","sdkver":"201502020000","chan":"SMARTISANPHONE2","dp":"6ba94d3ea21cd5b6333ffd4fe1f31006","nz":"1","uiver":"201502020000"}
2018-11-12 16:08:19.329 INFO  SMARTISAN.V2PhoneInfoTest - --------------------testcase001--------------------
2018-11-12 16:08:19.331 INFO  com.xy.onlineteam.sdkapi.util.TimeValidator - Windows 7
2018-11-12 16:08:19.334 INFO  SMARTISAN.V2PhoneInfoTest - RequestBody:{"timemills":1542010096072,"location":{"lng":"114.05956","lat":"22.54286","coordsys":"gaode"},"items":[{"pubnum":"10086","calltype":"1","version":"0"}]}
2018-11-12 16:08:19.343 INFO  SMARTISAN.V2PhoneInfoTest - PublicRequestBody:{"p":"0991974bea709ac8d255ae967e2707d9c885515a6d1e7c8579cc6f43884c6ccc","si":"2f0019b695e6f12cd02e75a30e353373","x":"c5b92efde32b248c70a9b29c67b668181e08d3612aae0b8f988b289ad2f0de0b","ai":"2f5d5bdd2c4aa27ac6ebd17e7bc40ce8929b4f29191ba60a7e01e0d035538d47","net":"WIFI"}
2018-11-12 16:08:20.031 INFO  SMARTISAN.V2PhoneInfoTest - ResponseHeaders:{null:["HTTP/1.1 200 OK"],"Server":["openresty"],"crypt":["3"],"Connection":["keep-alive"],"nz":["1"],"Content-Length":["384"],"Date":["Mon, 12 Nov 2018 08:08:19 GMT"]}
2018-11-12 16:08:20.033 INFO  SMARTISAN.V2PhoneInfoTest - ResponseBody:{"body":[{"auth":1,"formatNum":"10086","intro":"中国移动通信集团公司于2000年4月20日成立，是一家基于GSM，TD-SCDMA和TD-LTE制式网络的移动通信运营商。","logo":"http://down2.bizport.cn/publicnum/upload/5ded079459fddd81d8b6fc1b277df060.jpg","name":"中国移动","numtype":1,"pubnum":"10086","src":5,"type":4,"version":"201807121608","website":"http://www.10086.cn"}],"desc":"ok","status":1}
2018-11-12 16:08:20.033 INFO  SMARTISAN.V2PhoneInfoTest - 耗时:218
2018-11-12 17:32:07.364 INFO  token.V2TokenTest - --------------------getResponseBody--------------------
2018-11-12 17:32:07.367 INFO  token.V2TokenTest - url:http://sdkapiv2.bizport.cn/token
2018-11-12 17:32:07.418 INFO  token.V2TokenTest - RequestHeaders:{"crypt":"2","tk":"","apiver":"2","sdkver":"201502020000","chan":"RAGENTEK","dp":"9e58dc8e0e6ffcc93c38ede2841e15b5","nz":"1","uiver":"201502020000"}
2018-11-12 17:32:07.420 INFO  token.V2TokenTest - RequestBody:{"p":"64f2f9ea0a9b9d437143e89d7047aec670c2009f6eefea9c5ada3d2abde1cc4b","x":"0991974bea709ac8d255ae967e2707d9c885515a6d1e7c8579cc6f43884c6ccc","ai":"2f5d5bdd2c4aa27ac6ebd17e7bc40ce8929b4f29191ba60a7e01e0d035538d47","timestamp":"1542015127420"}
2018-11-12 17:32:08.227 INFO  token.V2TokenTest - responseHeaders:{null:["HTTP/1.1 200 OK"],"XY-RS-CODE":["1"],"crypt":["1"],"Connection":["keep-alive"],"nz":["1"],"Content-Length":["768"],"Date":["Mon, 12 Nov 2018 09:32:07 GMT"]}
2018-11-12 17:32:08.244 INFO  token.V2TokenTest - responseBody:{"body":{"aeskey":"VPKnDHzdYBV9Yx3ZRZZSCw==","apilist":[{"address":"sdkapiv2.bizport.cn","weight":10}],"expire":604800000,"iv":"EjRWeJCrze+pt8jW4/Ef/g==","token":"Bv8/WNzF8EPI81VpusiL2FXui7L7R4KQ0GurQZbWobXpcoKtw1+ydMDHCTRs6UU6Xvd1dU5RuVhej1cC7SgioKLCBZht8HIWcbUm8/joFxs="},"desc":"ok","status":1}
2018-11-12 17:32:08.272 INFO  station_train.V2StationTrainTest - Url:https://sdktest.bizport.cn/life/station/train
2018-11-12 17:32:08.274 INFO  station_train.V2StationTrainTest - --------------------testCase001_nz1_crypt3--------------------
2018-11-12 17:32:08.275 INFO  station_train.V2StationTrainTest - RequestHeaders:{"crypt":"3","tk":"Bv8/WNzF8EPI81VpusiL2FXui7L7R4KQ0GurQZbWobXpcoKtw1+ydMDHCTRs6UU6Xvd1dU5RuVhej1cC7SgioKLCBZht8HIWcbUm8/joFxs=","apiver":"2","sdkver":"201502020000","chan":"RAGENTEK","dp":"9e58dc8e0e6ffcc93c38ede2841e15b5","nz":"1","uiver":"201502020000"}
2018-11-12 17:32:08.275 INFO  station_train.V2StationTrainTest - RequestBody:{"stationList":[{"city":"深圳市","station":"武汉站"}]}
2018-11-12 17:32:08.280 INFO  station_train.V2StationTrainTest - PublicRequestBody:{"p":"0991974bea709ac8d255ae967e2707d9c885515a6d1e7c8579cc6f43884c6ccc","si":"b79570dfa53184faf5057e19b210bf67","x":"c5b92efde32b248c70a9b29c67b668181e08d3612aae0b8f988b289ad2f0de0b","ai":"2f5d5bdd2c4aa27ac6ebd17e7bc40ce8929b4f29191ba60a7e01e0d035538d47","net":"WIFI"}
2018-11-12 17:32:32.480 INFO  token.V2TokenTest - --------------------getResponseBody--------------------
2018-11-12 17:32:32.500 INFO  token.V2TokenTest - url:http://sdkapiv2.bizport.cn/token
2018-11-12 17:32:32.561 INFO  token.V2TokenTest - RequestHeaders:{"crypt":"2","tk":"","apiver":"2","sdkver":"201502020000","chan":"RAGENTEK","dp":"9e58dc8e0e6ffcc93c38ede2841e15b5","nz":"1","uiver":"201502020000"}
2018-11-12 17:32:32.563 INFO  token.V2TokenTest - RequestBody:{"p":"64f2f9ea0a9b9d437143e89d7047aec670c2009f6eefea9c5ada3d2abde1cc4b","x":"0991974bea709ac8d255ae967e2707d9c885515a6d1e7c8579cc6f43884c6ccc","ai":"2f5d5bdd2c4aa27ac6ebd17e7bc40ce8929b4f29191ba60a7e01e0d035538d47","timestamp":"1542015152563"}
2018-11-12 17:32:33.348 INFO  token.V2TokenTest - responseHeaders:{null:["HTTP/1.1 200 OK"],"XY-RS-CODE":["1"],"crypt":["1"],"Connection":["keep-alive"],"nz":["1"],"Content-Length":["768"],"Date":["Mon, 12 Nov 2018 09:32:32 GMT"]}
2018-11-12 17:32:33.367 INFO  token.V2TokenTest - responseBody:{"body":{"aeskey":"tpLR3oCxT8Eml/hsBask6Q==","apilist":[{"address":"sdkapiv2.bizport.cn","weight":10}],"expire":604800000,"iv":"EjRWeJCrze+pt8jW4/Ef/g==","token":"2lXM4QydVYpfwBchBnMXTsZNs+VjOEcLlSMnw3OtFu7o0NRuBDHBv0GTQRFoAUGrfjVjP3bvAM1Fps7d4RJiXI3uKagx4Fnuf3bIDw4HkWM="},"desc":"ok","status":1}
2018-11-12 17:32:33.394 INFO  station_train.V2StationTrainTest - Url:http://sdktest.bizport.cn/life/station/train
2018-11-12 17:32:33.397 INFO  station_train.V2StationTrainTest - --------------------testCase001_nz1_crypt3--------------------
2018-11-12 17:32:33.397 INFO  station_train.V2StationTrainTest - RequestHeaders:{"crypt":"3","tk":"2lXM4QydVYpfwBchBnMXTsZNs+VjOEcLlSMnw3OtFu7o0NRuBDHBv0GTQRFoAUGrfjVjP3bvAM1Fps7d4RJiXI3uKagx4Fnuf3bIDw4HkWM=","apiver":"2","sdkver":"201502020000","chan":"RAGENTEK","dp":"9e58dc8e0e6ffcc93c38ede2841e15b5","nz":"1","uiver":"201502020000"}
2018-11-12 17:32:33.397 INFO  station_train.V2StationTrainTest - RequestBody:{"stationList":[{"city":"深圳市","station":"武汉站"}]}
2018-11-12 17:32:33.402 INFO  station_train.V2StationTrainTest - PublicRequestBody:{"p":"0991974bea709ac8d255ae967e2707d9c885515a6d1e7c8579cc6f43884c6ccc","si":"74f7efd2e15242a3e20a39f2e3e4a679","x":"c5b92efde32b248c70a9b29c67b668181e08d3612aae0b8f988b289ad2f0de0b","ai":"2f5d5bdd2c4aa27ac6ebd17e7bc40ce8929b4f29191ba60a7e01e0d035538d47","net":"WIFI"}
2018-11-12 17:47:16.698 INFO  token.V2TokenTest - --------------------getResponseBody--------------------
2018-11-12 17:47:16.701 INFO  token.V2TokenTest - url:http://sdkapiv2.bizport.cn/token
2018-11-12 17:47:16.754 INFO  token.V2TokenTest - RequestHeaders:{"crypt":"2","tk":"","apiver":"2","sdkver":"201502020000","chan":"RAGENTEK","dp":"9e58dc8e0e6ffcc93c38ede2841e15b5","nz":"1","uiver":"201502020000"}
2018-11-12 17:47:16.755 INFO  token.V2TokenTest - RequestBody:{"p":"64f2f9ea0a9b9d437143e89d7047aec670c2009f6eefea9c5ada3d2abde1cc4b","x":"0991974bea709ac8d255ae967e2707d9c885515a6d1e7c8579cc6f43884c6ccc","ai":"2f5d5bdd2c4aa27ac6ebd17e7bc40ce8929b4f29191ba60a7e01e0d035538d47","timestamp":"1542016036755"}
2018-11-12 17:47:17.479 INFO  token.V2TokenTest - responseHeaders:{null:["HTTP/1.1 200 OK"],"XY-RS-CODE":["1"],"crypt":["1"],"Connection":["keep-alive"],"nz":["1"],"Content-Length":["768"],"Date":["Mon, 12 Nov 2018 09:47:16 GMT"]}
2018-11-12 17:47:17.495 INFO  token.V2TokenTest - responseBody:{"body":{"aeskey":"arqxAyLHLiZOYjuKiqSC8Q==","apilist":[{"address":"sdkapiv2.bizport.cn","weight":10}],"expire":604800000,"iv":"EjRWeJCrze+pt8jW4/Ef/g==","token":"JycZt60sgzWZWj5ZqxHlHtxvnLm6sl+NRmsBhxdZ9IdYaMJSJiZfxA8N0RioGSkpVomU8noYT5g84nILLa9shmLDPhF6J4q+NRFt5FpaxZY="},"desc":"ok","status":1}
2018-11-12 17:47:17.524 INFO  station_train.V2StationTrainTest - Url:https://sdktest.bizport.cn/life/station/train
2018-11-12 17:47:17.527 INFO  station_train.V2StationTrainTest - --------------------testCase001_nz1_crypt3--------------------
2018-11-12 17:47:17.527 INFO  station_train.V2StationTrainTest - RequestHeaders:{"crypt":"3","tk":"JycZt60sgzWZWj5ZqxHlHtxvnLm6sl+NRmsBhxdZ9IdYaMJSJiZfxA8N0RioGSkpVomU8noYT5g84nILLa9shmLDPhF6J4q+NRFt5FpaxZY=","apiver":"2","sdkver":"201502020000","chan":"RAGENTEK","dp":"9e58dc8e0e6ffcc93c38ede2841e15b5","nz":"1","uiver":"201502020000"}
2018-11-12 17:47:17.528 INFO  station_train.V2StationTrainTest - RequestBody:{"stationList":[{"city":"深圳市","station":"武汉站"}]}
2018-11-12 17:47:17.533 INFO  station_train.V2StationTrainTest - PublicRequestBody:{"p":"0991974bea709ac8d255ae967e2707d9c885515a6d1e7c8579cc6f43884c6ccc","si":"a1c0c1f520321f1f2b34e4db4f68f8c8","x":"c5b92efde32b248c70a9b29c67b668181e08d3612aae0b8f988b289ad2f0de0b","ai":"2f5d5bdd2c4aa27ac6ebd17e7bc40ce8929b4f29191ba60a7e01e0d035538d47","net":"WIFI"}
2018-11-12 17:47:22.301 INFO  station_train.V2StationTrainTest - ResponseHeaders:{null:["HTTP/1.1 200 OK"],"XY-RS-CODE":["1000"],"Connection":["keep-alive"],"Content-Length":["37"],"Date":["Mon, 12 Nov 2018 09:47:21 GMT"]}
2018-11-12 17:47:22.302 INFO  station_train.V2StationTrainTest - ResponseBody:{"desc":"server error","status":3002}
2018-11-12 17:47:22.302 INFO  station_train.V2StationTrainTest - 耗时:4753
2018-11-12 17:48:36.066 INFO  token.V2TokenTest - --------------------getResponseBody--------------------
2018-11-12 17:48:36.068 INFO  token.V2TokenTest - url:http://sdkapiv2.bizport.cn/token
2018-11-12 17:48:36.131 INFO  token.V2TokenTest - RequestHeaders:{"crypt":"2","tk":"","apiver":"2","sdkver":"201502020000","chan":"RAGENTEK","dp":"9e58dc8e0e6ffcc93c38ede2841e15b5","nz":"1","uiver":"201502020000"}
2018-11-12 17:48:36.134 INFO  token.V2TokenTest - RequestBody:{"p":"64f2f9ea0a9b9d437143e89d7047aec670c2009f6eefea9c5ada3d2abde1cc4b","x":"0991974bea709ac8d255ae967e2707d9c885515a6d1e7c8579cc6f43884c6ccc","ai":"2f5d5bdd2c4aa27ac6ebd17e7bc40ce8929b4f29191ba60a7e01e0d035538d47","timestamp":"1542016116133"}
2018-11-12 17:48:36.902 INFO  token.V2TokenTest - responseHeaders:{null:["HTTP/1.1 200 OK"],"XY-RS-CODE":["1"],"crypt":["1"],"Connection":["keep-alive"],"nz":["1"],"Content-Length":["768"],"Date":["Mon, 12 Nov 2018 09:48:36 GMT"]}
2018-11-12 17:48:36.920 INFO  token.V2TokenTest - responseBody:{"body":{"aeskey":"WG18M4a8R8sscN5qIVqKZg==","apilist":[{"address":"sdkapiv2.bizport.cn","weight":10}],"expire":604800000,"iv":"EjRWeJCrze+pt8jW4/Ef/g==","token":"e7SgAkTpdM1seSdlTwXerp2BQSmbVKGCq0Ri6KAqdBw6PmknlMxWs2vXaU2IvLDeqoInaXMsJJDtDWD9UpHo5iJuboEPoMwN8D8DUkMoZEM="},"desc":"ok","status":1}
2018-11-12 17:48:36.952 INFO  station_train.V2StationTrainTest - Url:https://sdktest.bizport.cn/life/station/train
2018-11-12 17:48:36.955 INFO  station_train.V2StationTrainTest - --------------------testCase001_nz1_crypt3--------------------
2018-11-12 17:48:36.956 INFO  station_train.V2StationTrainTest - RequestHeaders:{"crypt":"3","tk":"e7SgAkTpdM1seSdlTwXerp2BQSmbVKGCq0Ri6KAqdBw6PmknlMxWs2vXaU2IvLDeqoInaXMsJJDtDWD9UpHo5iJuboEPoMwN8D8DUkMoZEM=","apiver":"2","sdkver":"201502020000","chan":"RAGENTEK","dp":"9e58dc8e0e6ffcc93c38ede2841e15b5","nz":"1","uiver":"201502020000"}
2018-11-12 17:48:36.956 INFO  station_train.V2StationTrainTest - RequestBody:{"stationList":[{"city":"武汉市","station":"武汉站"}]}
2018-11-12 17:48:36.961 INFO  station_train.V2StationTrainTest - PublicRequestBody:{"p":"0991974bea709ac8d255ae967e2707d9c885515a6d1e7c8579cc6f43884c6ccc","si":"cef1fa46819e97a45c8f9aea5eed49b0","x":"c5b92efde32b248c70a9b29c67b668181e08d3612aae0b8f988b289ad2f0de0b","ai":"2f5d5bdd2c4aa27ac6ebd17e7bc40ce8929b4f29191ba60a7e01e0d035538d47","net":"WIFI"}
2018-11-12 17:49:59.652 INFO  token.V2TokenTest - --------------------getResponseBody--------------------
2018-11-12 17:49:59.689 INFO  token.V2TokenTest - url:http://sdkapiv2.bizport.cn/token
2018-11-12 17:49:59.757 INFO  token.V2TokenTest - RequestHeaders:{"crypt":"2","tk":"","apiver":"2","sdkver":"201502020000","chan":"RAGENTEK","dp":"9e58dc8e0e6ffcc93c38ede2841e15b5","nz":"1","uiver":"201502020000"}
2018-11-12 17:49:59.759 INFO  token.V2TokenTest - RequestBody:{"p":"64f2f9ea0a9b9d437143e89d7047aec670c2009f6eefea9c5ada3d2abde1cc4b","x":"0991974bea709ac8d255ae967e2707d9c885515a6d1e7c8579cc6f43884c6ccc","ai":"2f5d5bdd2c4aa27ac6ebd17e7bc40ce8929b4f29191ba60a7e01e0d035538d47","timestamp":"1542016199758"}
2018-11-12 17:50:00.448 INFO  token.V2TokenTest - responseHeaders:{null:["HTTP/1.1 200 OK"],"XY-RS-CODE":["1"],"crypt":["1"],"Connection":["keep-alive"],"nz":["1"],"Content-Length":["768"],"Date":["Mon, 12 Nov 2018 09:49:59 GMT"]}
2018-11-12 17:50:00.466 INFO  token.V2TokenTest - responseBody:{"body":{"aeskey":"CP0Mw6w6AFFXgLupeD3XRg==","apilist":[{"address":"sdkapiv2.bizport.cn","weight":10}],"expire":604800000,"iv":"EjRWeJCrze+pt8jW4/Ef/g==","token":"4uwBhocjjuNn8TULW42H6KxGVQ4j30qzCOKuZki3MSGIr0pUUwpksub1ERtuabSlyazh4JuZhmHC0mo1Nd23nGEk5ttjuYLGBdTLlPqXB94="},"desc":"ok","status":1}
2018-11-12 17:50:00.495 INFO  station_train.V2StationTrainTest - Url:https://sdktest.bizport.cn/life/station/train
2018-11-12 17:50:00.498 INFO  station_train.V2StationTrainTest - --------------------testCase001_nz1_crypt3--------------------
2018-11-12 17:50:00.498 INFO  station_train.V2StationTrainTest - RequestHeaders:{"crypt":"3","tk":"4uwBhocjjuNn8TULW42H6KxGVQ4j30qzCOKuZki3MSGIr0pUUwpksub1ERtuabSlyazh4JuZhmHC0mo1Nd23nGEk5ttjuYLGBdTLlPqXB94=","apiver":"2","sdkver":"201502020000","chan":"RAGENTEK","dp":"9e58dc8e0e6ffcc93c38ede2841e15b5","nz":"1","uiver":"201502020000"}
2018-11-12 17:50:00.498 INFO  station_train.V2StationTrainTest - RequestBody:{"stationList":[{"city":"武汉市","station":"武汉站"}]}
2018-11-12 17:50:00.503 INFO  station_train.V2StationTrainTest - PublicRequestBody:{"p":"0991974bea709ac8d255ae967e2707d9c885515a6d1e7c8579cc6f43884c6ccc","si":"b84c202a9706dd0c0f9e73ff5e38181a","x":"c5b92efde32b248c70a9b29c67b668181e08d3612aae0b8f988b289ad2f0de0b","ai":"2f5d5bdd2c4aa27ac6ebd17e7bc40ce8929b4f29191ba60a7e01e0d035538d47","net":"WIFI"}
2018-11-12 18:15:28.949 INFO  token.V2TokenTest - --------------------getResponseBody--------------------
2018-11-12 18:15:28.952 INFO  token.V2TokenTest - url:http://sdkapiv2.bizport.cn/token
2018-11-12 18:15:29.003 INFO  token.V2TokenTest - RequestHeaders:{"crypt":"2","tk":"","apiver":"2","sdkver":"201502020000","chan":"RAGENTEK","dp":"9e58dc8e0e6ffcc93c38ede2841e15b5","nz":"1","uiver":"201502020000"}
2018-11-12 18:15:29.004 INFO  token.V2TokenTest - RequestBody:{"p":"64f2f9ea0a9b9d437143e89d7047aec670c2009f6eefea9c5ada3d2abde1cc4b","x":"0991974bea709ac8d255ae967e2707d9c885515a6d1e7c8579cc6f43884c6ccc","ai":"2f5d5bdd2c4aa27ac6ebd17e7bc40ce8929b4f29191ba60a7e01e0d035538d47","timestamp":"1542017729004"}
2018-11-12 18:15:29.774 INFO  token.V2TokenTest - responseHeaders:{null:["HTTP/1.1 200 OK"],"XY-RS-CODE":["1"],"crypt":["1"],"Connection":["keep-alive"],"nz":["1"],"Content-Length":["768"],"Date":["Mon, 12 Nov 2018 10:15:29 GMT"]}
2018-11-12 18:15:29.790 INFO  token.V2TokenTest - responseBody:{"body":{"aeskey":"x9otXabyp2s5FeA/1yEJOA==","apilist":[{"address":"sdkapiv2.bizport.cn","weight":10}],"expire":604800000,"iv":"EjRWeJCrze+pt8jW4/Ef/g==","token":"2Si4EEl3VbIWy0f7sD9UMSlgiR5tHan24oNd5ljJ7IsEvpJ0+yYBajdK8TpphjvS2XhOVmxrQ2dkDU1iY9ods4IK/v8chrFTDixOFlB+bMg="},"desc":"ok","status":1}
2018-11-12 18:15:29.819 INFO  station_train.V2StationTrainTest - Url:https://sdktest.bizport.cn/life/station/train
2018-11-12 18:15:29.822 INFO  station_train.V2StationTrainTest - --------------------testCase001_nz1_crypt3--------------------
2018-11-12 18:15:29.822 INFO  station_train.V2StationTrainTest - RequestHeaders:{"crypt":"3","tk":"2Si4EEl3VbIWy0f7sD9UMSlgiR5tHan24oNd5ljJ7IsEvpJ0+yYBajdK8TpphjvS2XhOVmxrQ2dkDU1iY9ods4IK/v8chrFTDixOFlB+bMg=","apiver":"2","sdkver":"201502020000","chan":"RAGENTEK","dp":"9e58dc8e0e6ffcc93c38ede2841e15b5","nz":"1","uiver":"201502020000"}
2018-11-12 18:15:29.823 INFO  station_train.V2StationTrainTest - RequestBody:{"stationList":[{"city":"武汉市","station":"武汉站"}]}
2018-11-12 18:15:29.828 INFO  station_train.V2StationTrainTest - PublicRequestBody:{"p":"0991974bea709ac8d255ae967e2707d9c885515a6d1e7c8579cc6f43884c6ccc","si":"9ae63fd1dc7a4857bc5f508f1fb2a381","x":"c5b92efde32b248c70a9b29c67b668181e08d3612aae0b8f988b289ad2f0de0b","ai":"2f5d5bdd2c4aa27ac6ebd17e7bc40ce8929b4f29191ba60a7e01e0d035538d47","net":"WIFI"}
